16/12/2022 09:08:01  Trace: Arguments: E299_002.BMD.msg -Compile -OutFormat V1BE -Library P5R -Encoding P5R_EFIGS
16/12/2022 09:08:01  Info: Using P5R_EFIGS encoding
16/12/2022 09:08:01  Info: Output file path is set to E299_002.BMD.msg.bmd
16/12/2022 09:08:01  Info: Compiling MessageScript...
16/12/2022 09:08:02  Info: Parsing MessageScript source
16/12/2022 09:08:02  Info: Done parsing MessageScript source
16/12/2022 09:08:02  Info: (0001:0000) Compiling MessageScript compilation unit
16/12/2022 09:08:02  Trace: (0001:0000) Compiling compilationUnit
16/12/2022 09:08:02  Trace: (0001:0000) Compiling messageDialog
16/12/2022 09:08:02  Info: (0001:0000) Compiling dialog window: MSG_000_0_0
16/12/2022 09:08:02  Trace: (0001:0018) Compiling tokenText
16/12/2022 09:08:02  Trace: (0001:0026) Compiling tokenText
16/12/2022 09:08:02  Trace: (0002:0000) Compiling token
16/12/2022 09:08:02  Trace: (0002:0003) Compiling token
16/12/2022 09:08:02  Trace: (0002:0046) Compiling token
16/12/2022 09:08:02  Trace: (0004:0000) Compiling messageDialog
16/12/2022 09:08:02  Info: (0004:0000) Compiling dialog window: MSG_001_0_0
16/12/2022 09:08:02  Trace: (0004:0018) Compiling tokenText
16/12/2022 09:08:02  Trace: (0004:0026) Compiling tokenText
16/12/2022 09:08:02  Trace: (0005:0000) Compiling token
16/12/2022 09:08:02  Trace: (0005:0003) Compiling token
16/12/2022 09:08:02  Trace: (0005:0035) Compiling token
16/12/2022 09:08:02  Trace: (0007:0000) Compiling messageDialog
16/12/2022 09:08:02  Info: (0007:0000) Compiling dialog window: MSG_002_0_0
16/12/2022 09:08:02  Trace: (0007:0018) Compiling tokenText
16/12/2022 09:08:02  Trace: (0007:0026) Compiling tokenText
16/12/2022 09:08:02  Trace: (0008:0000) Compiling token
16/12/2022 09:08:02  Trace: (0008:0003) Compiling token
16/12/2022 09:08:02  Trace: (0008:0034) Compiling token
16/12/2022 09:08:02  Trace: (0010:0000) Compiling messageDialog
16/12/2022 09:08:02  Info: (0010:0000) Compiling dialog window: MSG_003_0_0
16/12/2022 09:08:02  Trace: (0010:0018) Compiling tokenText
16/12/2022 09:08:02  Trace: (0010:0026) Compiling tokenText
16/12/2022 09:08:02  Trace: (0011:0000) Compiling token
16/12/2022 09:08:02  Trace: (0011:0003) Compiling token
16/12/2022 09:08:02  Trace: (0011:0035) Compiling token
16/12/2022 09:08:02  Trace: (0013:0000) Compiling messageDialog
16/12/2022 09:08:02  Info: (0013:0000) Compiling dialog window: MSG_004_0_0
16/12/2022 09:08:02  Trace: (0013:0018) Compiling tokenText
16/12/2022 09:08:02  Trace: (0013:0027) Compiling tokenText
16/12/2022 09:08:02  Trace: (0014:0000) Compiling token
16/12/2022 09:08:02  Trace: (0014:0003) Compiling token
16/12/2022 09:08:02  Trace: (0014:0036) Compiling token
16/12/2022 09:08:02  Trace: (0016:0000) Compiling messageDialog
16/12/2022 09:08:02  Info: (0016:0000) Compiling dialog window: MSG_005_0_0
16/12/2022 09:08:02  Trace: (0016:0018) Compiling tokenText
16/12/2022 09:08:02  Trace: (0016:0023) Compiling tokenText
16/12/2022 09:08:02  Trace: (0017:0000) Compiling token
16/12/2022 09:08:02  Trace: (0017:0003) Compiling token
16/12/2022 09:08:02  Trace: (0017:0041) Compiling token
16/12/2022 09:08:02  Trace: (0019:0000) Compiling messageDialog
16/12/2022 09:08:02  Info: (0019:0000) Compiling dialog window: MSG_006_0_0
16/12/2022 09:08:02  Trace: (0019:0018) Compiling tokenText
16/12/2022 09:08:02  Trace: (0019:0025) Compiling tokenText
16/12/2022 09:08:02  Trace: (0020:0000) Compiling token
16/12/2022 09:08:02  Trace: (0020:0003) Compiling token
16/12/2022 09:08:02  Trace: (0020:0058) Compiling token
16/12/2022 09:08:02  Trace: (0022:0000) Compiling messageDialog
16/12/2022 09:08:02  Info: (0022:0000) Compiling dialog window: MSG_007_0_0
16/12/2022 09:08:02  Trace: (0022:0018) Compiling tokenText
16/12/2022 09:08:02  Trace: (0022:0027) Compiling tokenText
16/12/2022 09:08:02  Trace: (0023:0000) Compiling token
16/12/2022 09:08:02  Trace: (0023:0003) Compiling token
16/12/2022 09:08:02  Trace: (0023:0040) Compiling token
16/12/2022 09:08:02  Trace: (0025:0000) Compiling messageDialog
16/12/2022 09:08:02  Info: (0025:0000) Compiling dialog window: MSG_008_0_0
16/12/2022 09:08:02  Trace: (0025:0018) Compiling tokenText
16/12/2022 09:08:02  Trace: (0025:0027) Compiling tokenText
16/12/2022 09:08:02  Trace: (0026:0000) Compiling token
16/12/2022 09:08:02  Trace: (0026:0003) Compiling token
16/12/2022 09:08:02  Trace: (0026:0064) Compiling token
16/12/2022 09:08:02  Trace: (0028:0000) Compiling messageDialog
16/12/2022 09:08:02  Info: (0028:0000) Compiling dialog window: MSG_009_0_0
16/12/2022 09:08:02  Trace: (0028:0018) Compiling tokenText
16/12/2022 09:08:02  Trace: (0028:0026) Compiling tokenText
16/12/2022 09:08:02  Trace: (0029:0000) Compiling token
16/12/2022 09:08:02  Trace: (0029:0003) Compiling token
16/12/2022 09:08:02  Trace: (0029:0038) Compiling token
16/12/2022 09:08:02  Trace: (0031:0000) Compiling messageDialog
16/12/2022 09:08:02  Info: (0031:0000) Compiling dialog window: MSG_010_0_0
16/12/2022 09:08:02  Trace: (0031:0018) Compiling tokenText
1