16/12/2022 10:19:14  Trace: Arguments: E699_101.BMD.msg -Compile -OutFormat V1BE -Library P5R -Encoding P5R_EFIGS
16/12/2022 10:19:14  Info: Using P5R_EFIGS encoding
16/12/2022 10:19:14  Info: Output file path is set to E699_101.BMD.msg.bmd
16/12/2022 10:19:14  Info: Compiling MessageScript...
16/12/2022 10:19:15  Info: Parsing MessageScript source
16/12/2022 10:19:15  Info: Done parsing MessageScript source
16/12/2022 10:19:15  Info: (0001:0000) Compiling MessageScript compilation unit
16/12/2022 10:19:15  Trace: (0001:0000) Compiling compilationUnit
16/12/2022 10:19:15  Trace: (0001:0000) Compiling messageDialog
16/12/2022 10:19:15  Info: (0001:0000) Compiling dialog window: MSG_000_0_0
16/12/2022 10:19:15  Trace: (0001:0018) Compiling tokenText
16/12/2022 10:19:15  Trace: (0001:0029) Compiling tokenText
16/12/2022 10:19:15  Trace: (0002:0000) Compiling token
16/12/2022 10:19:15  Trace: (0002:0003) Compiling token
16/12/2022 10:19:15  Trace: (0002:0020) Compiling token
16/12/2022 10:19:15  Trace: (0002:0038) Compiling token
16/12/2022 10:19:15  Trace: (0002:0104) Compiling token
16/12/2022 10:19:15  Trace: (0002:0117) Compiling token
16/12/2022 10:19:15  Trace: (0004:0000) Compiling messageDialog
16/12/2022 10:19:15  Info: (0004:0000) Compiling dialog window: MSG_001_0_0
16/12/2022 10:19:15  Trace: (0004:0018) Compiling tokenText
16/12/2022 10:19:15  Trace: (0004:0029) Compiling tokenText
16/12/2022 10:19:15  Trace: (0005:0000) Compiling token
16/12/2022 10:19:15  Trace: (0005:0003) Compiling token
16/12/2022 10:19:15  Trace: (0005:0020) Compiling token
16/12/2022 10:19:15  Trace: (0005:0038) Compiling token
16/12/2022 10:19:15  Trace: (0005:0069) Compiling token
16/12/2022 10:19:15  Trace: (0005:0082) Compiling token
16/12/2022 10:19:15  Trace: (0007:0000) Compiling selectionDialog
16/12/2022 10:19:15  Info: (0007:0000) Compiling selection window: SEL_002_0_0
16/12/2022 10:19:15  Trace: (0007:0021) Compiling tokenText
16/12/2022 10:19:15  Trace: (0008:0000) Compiling token
16/12