15/12/2022 21:27:42  Trace: Arguments: E199_002.BMD.msg -Compile -OutFormat V1BE -Library P5R -Encoding P5R_EFIGS
15/12/2022 21:27:42  Info: Using P5R_EFIGS encoding
15/12/2022 21:27:42  Info: Output file path is set to E199_002.BMD.msg.bmd
15/12/2022 21:27:42  Info: Compiling MessageScript...
15/12/2022 21:27:42  Info: Parsing MessageScript source
15/12/2022 21:27:43  Info: Done parsing MessageScript source
15/12/2022 21:27:43  Info: (0001:0000) Compiling MessageScript compilation unit
15/12/2022 21:27:43  Trace: (0001:0000) Compiling compilationUnit
15/12/2022 21:27:43  Trace: (0001:0000) Compiling messageDialog
15/12/2022 21:27:43  Info: (0001:0000) Compiling dialog window: MSG_000_0_0
15/12/2022 21:27:43  Trace: (0001:0018) Compiling tokenText
15/12/2022 21:27:43  Trace: (0001:0027) Compiling tokenText
15/12/2022 21:27:43  Trace: (0002:0000) Compiling token
15/12/2022 21:27:43  Trace: (0002:0003) Compiling token
15/12/2022 21:27:43  Trace: (0002:0018) Compiling token
15/12/2022 21:27:43  Trace: (0002:0036) Compiling token
15/12/2022 21:27:43  Trace: (0002:0143) Compiling token
15/12/2022 21:27:43  Trace: (0002:0156) Compiling token
15/12/2022 21:27:43  Trace: (0003:0000) Compiling token
15/12/2022 21:27:43  Trace: (0003:0003) Compiling token
15/12/2022 21:27:43  Trace: (0003:0021) Compiling token
15/12/2022 21:27:43  Trace: (0003:0129) Compiling token
15/12/2022 21:27:43  Trace: (0003:0142) Compiling token
15/12/2022 21:27:43  Trace: (0005:0000) Compiling messageDialog
15/12/2022 21:27:43  Info: (0005:0000) Compiling dialog window: MSG_001_0_0
15/12/2022 21:27:43  Trace: (0005:0018) Compiling tokenText
15/12/2022 21:27:43  Trace: (0005:0025) Compiling tokenText
15/12/2022 21:27:43  Trace: (0006:0000) Compiling token
15/12/2022 21:27:43  Trace: (0006:0003) Compiling token
15/12/2022 21:27:43  Trace: (0006:0022) Compiling token
15/12/2022 21:27:43  Trace: (0006:0040) Compiling token
15/12/2022 21:27:43  Trace: (0006:0066) Compiling token
15/12/2022 21:27:43  Trace: (0006:0079) Compiling token
15/12/2022 21:27:43  Trace: (0008:0000) Compiling messageDialog
15/12/2022 21:27:43  Info: (0008:0000) Compiling dialog window: MSG_002_0_0
15/12/2022 21:27:43  Trace: (0008:0018) Compiling tokenText
15/12/2022 21:27:43  Trace: (0008:0023) Compiling tokenText
15/12/2022 21:27:43  Trace: (0009:0000) Compiling token
15/12/2022 21:27:43  Trace: (0009:0003) Compiling token
15/12/2022 21:27:43  Trace: (0009:0022) Compiling token
15/12/2022 21:27:43  Trace: (0009:0040) Compiling token
15/12/2022 21:27:43  Trace: (0009:0112) Compiling token
15/12/2022 21:27:43  Trace: (0009:0125) Compiling token
15/12/2022 21:27:43  Trace: (0011:0000) Compiling messageDialog
15/12/2022 21:27:43  Info: (0011:0000) Compiling dialog window: MSG_003_0_0
15/12/2022 21:27:43  Trace: (0011:0018) Compiling tokenText
15/12/2022 21:27:43  Trace: (0011:0023) Compiling tokenText
15/12/2022 21:27:43  Trace: (0012:0000) Compiling token
15/12/2022 21:27:43  Trace: (0012:0003) Compiling token
15/12/2022 21:27:43  Trace: (0012:0022) Compiling token
15/12/2022 21:27:43  Trace: (0012:0040) Compiling token
15/12/2022 21:27:43  Trace: (0012:0077) Compiling token
15/12/2022 21:27:43  Trace: (0012:0090) Compiling token
15/12/2022 21:27:43  Trace: (0014:0000) Compiling messageDialog
15/12/2022 21:27:43  Info: (0014:0000) Compiling dialog window: MSG_004_0_0
15/12/2022 21:27:43  Trace: (0014:0018) Compiling tokenText
15/12/2022 21:27:43  Trace: (0014:0033) Compiling tokenText
15/12/2022 21:27:43  Trace: (0015:0000) Compiling token
15/12/2022 21:27:43  Trace: (0015:0003) Compiling token
15/12/2022 21:27:43  Trace: (0015:0020) Compiling token
15/12/2022 21:27:43  Trace: (0015:0038) Compiling token
15/12/2022 21:27:43  Trace: (0015:0075) Compiling token
15/12/2022 21:27:43  Trace: (0015:0088) Compiling token
15/12/2022 21:27:43  Trace: (0017:0000) Compiling messageDialog
15/12/2022 21:27:43  Info: (0017:0000) Compiling dialog window: MSG_005_0_0
15/12/2022 21:27:43  Trace: (0017:0018) Compiling tokenText
15/12/2022 21:27:43  Trace: (0017:0027) Compiling tokenText
15/12/2022 21:27:43  Trace: (0018:0000) Compiling token
15/12/2022 21:27:43  Trace: (0018:0003) Compiling token
15/12/2022 21:27:43  Trace: (0018:0018) Compiling token
15/12/2022 21:27:43  Trace: (0018:0036) Compiling token
15/12/2022 21:27:43  Trace: (0018:0077) Compiling token
15/12/2022 21:27:43  Trace: (0018:0090) Compiling token
15/12/2022 21:27:43  Trace: (0019:0000) Compiling token
15/12/2022 21:27:43  Trace: (0019:0003) Compiling token
15/12/2022 21:27:43  Trace: (0019:0021) Compiling token
15/12/2022 21:27:43  Trace: (0019:0102) Compiling token
15/12/2022 21:27:43  Trace: (0019:0115) Compiling token
15/12/2022 21:27:43  Trace: (0021:0000) Compiling messageDialog
15/12/2022 21:27:43  Info: (0021:0000) Compiling dialog window: MSG_005_5_0
15/12/2022 21:27:43  Trace: (0021:0018) Compiling tokenText
15/12/2022 21:27:43  Trace: (0021:0025) Compiling tokenText
15/12/2022 21:27:43  Trace: (0022:0000) Compiling token
15/12/2022 21:27:43  Trace: (0022:0003) Compiling token
15/12/2022 21:27:43  Trace: (0022:0022) Compiling token
15/12/2022 21:27:43  Trace: (0022:0040) Compiling token
15/12/2022 21:27:43  Trace: (0022:0069) Compiling token
15/12/2022 21:27:43  Trace: (0022:0082) Compiling token
15/12/2022 21:27:43  Trace: (0024:0000) Compiling messageDialog
15/12/2022 21:27:43  Info: (0024:0000) Compiling dialog window: MSG_006_0_0
15/12/2022 21:27:43  Trace: (0024:0018) Compiling tokenText
15/12/2022 21:27:43  Trace: (0024:0033) Compiling tokenText
15/12/2022 21:27:43  Trace: (0025:0000) Compiling token
15/12/2022 21:27:43  Trace: (0025:0003) Compiling token
15/12/2022 21:27:43  Trace: (0025:0020) Compiling token
15/12/2022 21:27:43  Trace: (0025:0038) Compiling token
15/12/2022 21:27:43  Trace: (0025:0088) Compiling token
15/12/2022 21:27:43  Trace: (0025:0101) Compiling token
15/12/2022 21:27:43  Trace: (0026:0000) Compiling token
15/12/2022 21:27:43  Trace: (0026:0003) Compiling token
15/12/2022 21:27:43  Trace: (0026:0021) Compiling token
15/12/2022 21:27:43  Trace: (0026:0124) Compiling token
15/12/2022 21:27:43  Trace: (0026:0137) Compiling token
15/12/2022 21:27:43  Trace: (0028:0000) Compiling messageDialog
15/12/2022 21:27:43  Info: (0028:0000) Compiling dialog window: MSG_007_0_0
15/12/2022 21:27:43  Trace: (0028:0018) Compiling tokenText
15/12/2022 21:27:43  Trace: (0028:0023) Compiling tokenText
15/12/2022 21:27:43  Trace: (0029:0000) Compiling token
15/12/2022 21:27:43  Trace: (0029:0003) Compiling token
15/12/2022 21:27:43  Trace: (0029:0022) Compiling token
15/12/2022 21:27:43  Trace: (0029:0040) Compiling token
15/12/2022 21:27:43  Trace: (0029:0121) Compiling token
15/12/2022 21:27:43  Trace: (0029:0134) Compiling token
15/12/2022 21:27:43  Trace: (0030:0000) Compiling token
15/12/2022 21:27:43  Trace: (0030:0003) Compiling token
15/12/2022 21:27:43  Trace: (0030:0021) Compiling token
15/12/2022 21:27:43  Trace: (0030:0100) Compiling token
15/12/2022 21:27:43  Trace: (0030:0113) Compiling token
15/12/2022 21:27:43  Trace: (0032:0000) Compiling messageDialog
15/12/2022 21:27:43  Info: (0032:0000) Compiling dialog window: MSG_008_0_0
15/12/2022 21:27:43  Trace: (0032:0018) Compiling tokenText
15/12/2022 21:27:43  Trace: (0032:0030) Compiling tokenText
15/12/2022 21:27:43  Trace: (0033:0000) Compiling token
15/12/2022 21:27:43  Trace: (0033:0003) Compiling token
15/12/2022 21:27:43  Trace: (0033:0020) Compiling token
15/12/2022 21:27:43  Trace: (0033:0038) Compiling token
15/12/2022 21:27:43  Trace: (0033:0118) Compiling token
15/12/2022 21:27:43  Trace: (0033:0131) Compiling token
15/12/2022 21:27:43  Trace: (0034:0000) Compiling token
15/12/2022 21:27:43  Trace: (0034:0003) Compiling token
15/12/2022 21:27:43  Trace: (0034:0021) Compiling token
15/12/2022 21:27:43  Trace: (0034:0118) Compiling token
15/12/2022 21:27:43  Trace: (0034:0131) Compiling token
15/12/2022 21:27:43  Trace: (0036:0000) Compiling messageDialog
15/12/2022 21:27:43  Info: (0036:0000) Compiling dialog window: MSG_009_0_0
15/12/2022 21:27:43  Trace: (0036:0018) Compiling tokenText
15/12/2022 21:27:43  Trace: (0036:0025) Compiling tokenText
15/12/2022 21:27:43  Trace: (0037:0000) Compiling token
15/12/2022 21:27:43  Trace: (0037:0003) Compiling token
15/12/2022 21:27:43  Trace: (0037:0023) Compiling token
15/12/2022 21:27:43  Trace: (0037:0041) Compiling token
15/12/2022 21:27:43  Trace: (0037:0083) Compiling token
15/12/2022 21:27:43  Trace: (0037:0096) Compiling token
15/12/2022 21:27:43  Trace: (0039:0000) Compiling messageDialog
15/12/2022 21:27:43  Info: (0039:0000) Compiling dialog window: MSG_010_0_0
15/12/2022 21:27:43  Trace: (0039:0018) Compiling tokenText
15/12/2022 21:27:43  Trace: (0039:0030) Compiling tokenText
15/12/2022 21:27:43  Trace: (0040:0000) Compiling token
15/12/2022 21:27:43  Trace: (0040:0003) Compiling token
15/12/2022 21:27:43  Trace: (0040:0020) Compiling token
15/12/2022 21:27:43  Trace: (0040:0038) Compiling token
15/12/2022 21:27:43  Trace: (0040:0154) Compiling token
15/12/2022 21:27:43  Trace: (0040:0167) Compiling token
15/12/2022 21:27:43  Trace: (0041:0000) Compiling token
15/12/2022 21:27:43  Trace: (0041:0003) Compiling token
15/12/2022 21:27:43  Trace: (0041:0021) Compiling token
15/12/2022 21:27:43  Trace: (0041:0077) Compiling token
15/12/2022 21:27:43  Trace: (0041:0090) Compiling token
15/12/2022 21:27:43  Trace: (0043:0000) Compiling messageDialog
15/12/2022 21:27:43  Info: (0043:0000) Compiling dialog window: MSG_011_0_0
15/12/2022 21:27:43  Trace: (0043:0018) Compiling tokenText
15/12/2022 21:27:43  Trace: (0043:0025) Compiling tokenText
15/12/2022 21:27:43  Trace: (0044:0000) Compiling token
15/12/2022 21:27:43  Trace: (0044:0003) Compiling token
15/12/2022 21:27:43  Trace: (0044:0022) Compiling token
15/12/2022 21:27:43  Trace: (0044:0040) Compiling token
15/12/2022 21:27:43  Trace: (0044:0138) Compiling token
15/12/2022 21:27:43  Trace: (0044:0151) Compiling token
15/12/2022 21:27:43  Trace: (0046:0000) Compiling messageDialog
15/12/2022 21:27:43  Info: (0046:0000) Compiling dialog window: MSG_012_0_0
15/12/2022 21:27:43  Trace: (0046:0018) Compiling tokenText
15/12/2022 21:27:43  Trace: (0046:0023) Compiling tokenText
15/12/2022 21:27:43  Trace: (0047:0000) Compiling token
15/12/2022 21:27:43  Trace: (0047:0003) Compiling token
15/12/2022 21:27:43  Trace: (0047:0022) Compiling token
15/12/2022 21:27:43  Trace: (0047:0040) Compiling token
15/12/2022 21:27:43  Trace: (0047:0103) Compiling token
15/12/2022 21:27:43  Trace: (0047:0116) Compiling token
15/12/2022 21:27:43  Trace: (0049:0000) Compiling messageDialog
15/12/2022 21:27:43  Info: (0049:0000) Compiling dialog window: MSG_013_0_0
15/12/2022 21:27:43  Trace: (0049:0018) Compiling tokenText
15/12/2022 21:27:43  Trace: (0049:0030) Compiling tokenText
15/12/2022 21:27:43  Trace: (0050:0000) Compiling token
15/12/2022 21:27:43  Trace: (0050:0003) Compiling token
15/12/2022 21:27:43  Trace: (0050:0020) Compiling token
15/12/2022 21:27:43  Trace: (0050:0038) Compiling token
15/12/2022 21:27:43  Trace: (0050:0101) Compiling token
15/12/2022 21:27:43  Trace: (0050:0114) Compiling token
15/12/2022 21:27:43  Trace: (0051:0000) Compiling token
15/12/2022 21:27:43  Trace: (0051:0003) Compiling token
15/12/2022 21:27:43  Trace: (0051:0021) Compiling token
15/12/2022 21:27:43  Trace: (0051:0149) Compiling token
15/12/2022 21:27:43  Trace: (0051:0162) Compiling token
15/12/2022 21:27:43  Trace: (0053:0000) Compiling messageDialog
15/12/2022 21:27:43  Info: (0053:0000) Compiling dialog window: MSG_014_0_0
15/12/2022 21:27:43  Trace: (0053:0018) Compiling tokenText
15/12/2022 21:27:43  Trace: (0053:0030) Compiling tokenText
15/12/2022 21:27:43  Trace: (0054:0000) Compiling token
15/12/2022 21:27:43  Trace: (0054:0003) Compiling token
15/12/2022 21:27:43  Trace: (0054:0020) Compiling token
15/12/2022 21:27:43  Trace: (0054:0038) Compiling token
15/12/2022 21:27:43  Trace: (0054:0139) Compiling token
15/12/2022 21:27:43  Trace: (0054:0152) Compiling token
15/12/2022 21:27:43  Trace: (0055:0000) Compiling token
15/12/2022 21:27:43  Trace: (0055:0003) Compiling token
15/12/2022 21:27:43  Trace: (0055:0021) Compiling token
15/12/2022 21:27:43  Trace: (0055:0157) Compiling token
15/12/2022 21:27:43  Trace: (0055:0170) Compiling token
15/12/2022 21:27:43  Trace: (0056:0000) Compiling token
15/12/2022 21:27:43  Trace: (0056:0003) Compiling token
15/12/2022 21:27:43  Trace: (0056:0021) Compiling token
15/12/2022 21:27:43  Trace: (0056:0074) Compiling token
15/12/2022 21:27:43  Trace: (0056:0087) Compiling token
15/12/2022 21:27:43  Trace: (0058:0000) Compiling messageDialog
15/12/2022 21:27:43  Info: (0058:0000) Compiling dialog window: MSG_015_0_0
15/12/2022 21:27:43  Trace: (0058:0018) Compiling tokenText
15/12/2022 21:27:43  Trace: (0058:0025) Compiling tokenText
15/12/2022 21:27:43  Trace: (0059:0000) Compiling token
15/12/2022 21:27:43  Trace: (0059:0003) Compiling token
15/12/2022 21:27:43  Trace: (0059:0022) Compiling token
15/12/2022 21:27:43  Trace: (0059:0040) Compiling token
15/12/2022 21:27:43  Trace: (0059:0105) Compiling token
15/12/2022 21:27:43  Trace: (0059:0118) Compiling token
15/12/2022 21:27:43  Trace: (0061:0000) Compiling messageDialog
15/12/2022 21:27:43  Info: (0061:0000) Compiling dialog window: MSG_016_0_0
15/12/2022 21:27:43  Trace: (0061:0018) Compiling tokenText
15/12/2022 21:27:43  Trace: (0061:0030) Compiling tokenText
15/12/2022 21:27:43  Trace: (0062:0000) Compiling token
15/12/2022 21:27:43  Trace: (0062:0003) Compiling token
15/12/2022 21:27:43  Trace: (0062:0020) Compiling token
15/12/2022 21:27:43  Trace: (0062:0038) Compiling token
15/12/2022 21:27:43  Trace: (0062:0137) Compiling token
15/12/2022 21:27:43  Trace: (0062:0150) Compiling token
15/12/2022 21:27:43  Trace: (0064:0000) Compiling messageDialog
15/12/2022 21:27:43  Info: (0064:0000) Compiling dialog window: MSG_017_0_0
15/12/2022 21:27:43  Trace: (0064:0018) Compiling tokenText
15/12/2022 21:27:43  Trace: (0064:0023) Compiling tokenText
15/12/2022 21:27:43  Trace: (0065:0000) Compiling token
15/12/2022 21:27:43  Trace: (0065:0003) Compiling token
15/12/2022 21:27:43  Trace: (0065:0027) Compiling token
15/12/2022 21:27:43  Trace: (0065:0062) Compiling token
15/12/2022 21:27:43  Trace: (0065:0075) Compiling token
15/12/2022 21:27:43  Trace: (0067:0000) Compiling messageDialog
15/12/2022 21:27:43  Info: (0067:0000) Compiling dialog window: MSG_018_0_0
15/12/2022 21:27:43  Trace: (0067:0018) Compiling tokenText
15/12/2022 21:27:43  Trace: (0067:0030) Compiling tokenText
15/12/2022 21:27:43  Trace: (0068:0000) Compiling token
15/12/2022 21:27:43  Trace: (0068:0003) Compiling token
15/12/2022 21:27:43  Trace: (0068:0020) Compiling token
15/12/2022 21:27:43  Trace: (0068:0038) Compiling token
15/12/2022 21:27:43  Trace: (0068:0142) Compiling token
15/12/2022 21:27:43  Trace: (0068:0155) Compiling token
15/12/2022 21:27:43  Trace: (0070:0000) Compiling messageDialog
15/12/2022 21:27:43  Info: (0070:0000) Compiling dialog window: MSG_019_0_0
15/12/2022 21:27:43  Trace: (0070:0018) Compiling tokenText
15/12/2022 21:27:43  Trace: (0070:0030) Compiling tokenText
15/12/2022 21:27:43  Trace: (0071:0000) Compiling token
15/12/2022 21:27:43  Trace: (0071:0003) Compiling token
15/12/2022 21:27:43  Trace: (0071:0020) Compiling token
15/12/2022 21:27:43  Trace: (0071:0038) Compiling token
15/12/2022 21:27:43  Trace: (0071:0117) Compiling token
15/12/2022 21:27:43  Trace: (0071:0130) Compiling token
15/12/2022 21:27:43  Trace: (0072:0000) Compiling token
15/12/2022 21:27:43  Trace: (0072:0003) Compiling token
15/12/2022 21:27:43  Trace: (0072:0021) Compiling token
15/12/2022 21:27:43  Trace: (0072:0155) Compiling token
15/12/2022 21:27:43  Trace: (0072:0168) Compiling token
15/12/2022 21:27:43  Trace: (0074:0000) Compiling messageDialog
15/12/2022 21:27:43  Info: (0074:0000) Compiling dialog window: MSG_019_5_0
15/12/2022 21:27:43  Trace: (0074:0018) Compiling tokenText
15/12/2022 21:27:43  Trace: (0074:0030) Compiling tokenText
15/12/2022 21:27:43  Trace: (0075:0000) Compiling token
15/12/2022 21:27:43  Trace: (0075:0003) Compiling token
15/12/2022 21:27:43  Trace: (0075:0020) Compiling token
15/12/2022 21:27:43  Trace: (0075:0038) Compiling token
15/12/2022 21:27:43  Trace: (0075:0150) Compiling token
15/12/2022 21:27:43  Trace: (0075:0163) Compiling token
15/12/2022 21:27:43  Trace: (0076:0000) Compiling token
15/12/2022 21:27:43  Trace: (0076:0003) Compiling token
15/12/2022 21:27:43  Trace: (0076:0021) Compiling token
15/12/2022 21:27:43  Trace: (0076:0123) Compiling token
15/12/2022 21:27:43  Trace: (0076:0136) Compiling token
15/12/2022 21:27:43  Trace: (0077:0000) Compiling token
15/12/2022 21:27:43  Trace: (0077:0003) Compiling token
15/12/2022 21:27:43  Trace: (0077:0021) Compiling token
15/12/2022 21:27:43  Trace: (0077:0112) Compiling token
15/12/2022 21:27:43  Trace: (0077:0125) Compiling token
15/12/2022 21:27:43  Trace: (0079:0000) Compiling messageDialog
15/12/2022 21:27:43  Info: (0079:0000) Compiling dialog window: MSG_020_0_0
15/12/2022 21:27:43  Trace: (0079:0018) Compiling tokenText
15/12/2022 21:27:43  Trace: (0079:0030) Compiling tokenText
15/12/2022 21:27:43  Trace: (0080:0000) Compiling token
15/12/2022 21:27:43  Trace: (0080:0003) Compiling token
15/12/2022 21:27:43  Trace: (0080:0020) Compiling token
15/12/2022 21:27:43  Trace: (0080:0038) Compiling token
15/12/2022 21:27:43  Trace: (0080:0146) Compiling token
15/12/2022 21:27:43  Trace: (0080:0159) Compiling token
15/12/2022 21:27:43  Trace: (0081:0000) Compiling token
15/12/2022 21:27:43  Trace: (0081:0003) Compiling token
15/12/2022 21:27:43  Trace: (0081:0021) Compiling token
15/12/2022 21:27:43  Trace: (0081:0114) Compiling token
15/12/2022 21:27:43  Trace: (0081:0127) Compiling token
15/12/2022 21:27:43  Trace: (0083:0000) Compiling selectionDialog
15/12/2022 21:27:43  Info: (0083:0000) Compiling selection window: SEL_021_0_0
15/12/2022 21:27:43  Trace: (0083:0021) Compiling tokenText
15/12/2022 21:27:43  Trace: (0084:0000) Compiling token
15/12/2022 21:27:43  Trace: (0085:0000) Compiling token
15/12/2022 21:27:43  Trace: (0087:0000) Compiling messageDialog
15/12/2022 21:27:43  Info: (0087:0000) Compiling dialog window: MSG_023_0_0
15/12/2022 21:27:43  Trace: (0087:0018) Compiling tokenText
15/12/2022 21:27:43  Trace: (0087:0030) Compiling tokenText
15/12/2022 21:27:43  Trace: (0088:0000) Compiling token
15/12/2022 21:27:43  Trace: (0088:0003) Compiling token
15/12/2022 21:27:43  Trace: (0088:0020) Compiling token
15/12/2022 21:27:43  Trace: (0088:0038) Compiling token
15/12/2022 21:27:43  Trace: (0088:0124) Compiling token
15/12/2022 21:27:43  Trace: (0088:0137) Compiling token
15/12/2022 21:27:43  Trace: (0089:0000) Compiling token
15/12/2022 21:27:43  Trace: (0089:0003) Compiling token
15/12/2022 21:27:43  Trace: (0089:0021) Compiling token
15/12/2022 21:27:43  Trace: (0089:0081) Compiling token
15/12/2022 21:27:43  Trace: (0089:0094) Compiling token
15/12/2022 21:27:43  Trace: (0091:0000) Compiling messageDialog
15/12/2022 21:27:43  Info: (0091:0000) Compiling dialog window: MSG_024_0_0
15/12/2022 21:27:43  Trace: (0091:0018) Compiling tokenText
15/12/2022 21:27:43  Trace: (0091:0027) Compiling tokenText
15/12/2022 21:27:43  Trace: (0092:0000) Compiling token
15/12/2022 21:27:43  Trace: (0092:0003) Compiling token
15/12/2022 21:27:43  Trace: (0092:0018) Compiling token
15/12/2022 21:27:43  Trace: (0092:0036) Compiling token
15/12/2022 21:27:43  Trace: (0092:0084) Compiling token
15/12/2022 21:27:43  Trace: (0092:0097) Compiling token
15/12/2022 21:27:43  Trace: (0094:0000) Compiling messageDialog
15/12/2022 21:27:43  Info: (0094:0000) Compiling dialog window: MSG_025_0_0
15/12/2022 21:27:43  Trace: (0094:0018) Compiling tokenText
15/12/2022 21:27:43  Trace: (0094:0030) Compiling tokenText
15/12/2022 21:27:43  Trace: (0095:0000) Compiling token
15/12/2022 21:27:43  Trace: (0095:0003) Compiling token
15/12/2022 21:27:43  Trace: (0095:0020) Compiling token
15/12/2022 21:27:43  Trace: (0095:0038) Compiling token
15/12/2022 21:27:43  Trace: (0095:0170) Compiling token
15/12/2022 21:27:43  Trace: (0095:0183) Compiling token
15/12/2022 21:27:43  Trace: (0096:0000) Compiling token
15/12/2022 21:27:43  Trace: (0096:0003) Compiling token
15/12/2022 21:27:43  Trace: (0096:0021) Compiling token
15/12/2022 21:27:43  Trace: (0096:0067) Compiling token
15/12/2022 21:27:43  Trace: (0096:0080) Compiling token
15/12/2022 21:27:43  Trace: (0098:0000) Compiling messageDialog
15/12/2022 21:27:43  Info: (0098:0000) Compiling dialog window: MSG_026_0_0
15/12/2022 21:27:43  Trace: (0098:0018) Compiling tokenText
15/12/2022 21:27:43  Trace: (0098:0025) Compiling tokenText
15/12/2022 21:27:43  Trace: (0099:0000) Compiling token
15/12/2022 21:27:43  Trace: (0099:0003) Compiling token
15/12/2022 21:27:43  Trace: (0099:0027) Compiling token
15/12/2022 21:27:43  Trace: (0099:0096) Compiling token
15/12/2022 21:27:43  Trace: (0099:0109) Compiling token
15/12/2022 21:27:43  Trace: (0101:0000) Compiling messageDialog
15/12/2022 21:27:43  Info: (0101:0000) Compiling dialog window: MSG_026_3_0
15/12/2022 21:27:43  Trace: (0101:0018) Compiling tokenText
15/12/2022 21:27:43  Trace: (0101:0030) Compiling tokenText
15/12/2022 21:27:43  Trace: (0102:0000) Compiling token
15/12/2022 21:27:43  Trace: (0102:0003) Compiling token
15/12/2022 21:27:43  Trace: (0102:0020) Compiling token
15/12/2022 21:27:43  Trace: (0102:0038) Compiling token
15/12/2022 21:27:43  Trace: (0102:0153) Compiling token
15/12/2022 21:27:43  Trace: (0102:0166) Compiling token
15/12/2022 21:27:43  Trace: (0103:0000) Compiling token
15/12/2022 21:27:43  Trace: (0103:0003) Compiling token
15/12/2022 21:27:43  Trace: (0103:0021) Compiling token
15/12/2022 21:27:43  Trace: (0103:0133) Compiling token
15/12/2022 21:27:43  Trace: (0103:0146) Compiling token
15/12/2022 21:27:43  Trace: (0104:0000) Compiling token
15/12/2022 21:27:43  Trace: (0104:0003) Compiling token
15/12/2022 21:27:43  Trace: (0104:0021) Compiling token
15/12/2022 21:27:43  Trace: (0104:0078) Compiling token
15/12/2022 21:27:43  Trace: (0104:0091) Compiling token
15/12/2022 21:27:43  Trace: (0106:0000) Compiling messageDialog
15/12/2022 21:27:43  Info: (0106:0000) Compiling dialog window: MSG_026_5_0
15/12/2022 21:27:43  Trace: (0106:0018) Compiling tokenText
15/12/2022 21:27:43  Trace: (0106:0023) Compiling tokenText
15/12/2022 21:27:43  Trace: (0107:0000) Compiling token
15/12/2022 21:27:43  Trace: (0107:0003) Compiling token
15/12/2022 21:27:43  Trace: (0107:0022) Compiling token
15/12/2022 21:27:43  Trace: (0107:0040) Compiling token
15/12/2022 21:27:43  Trace: (0107:0079) Compiling token
15/12/2022 21:27:43  Trace: (0107:0092) Compiling token
15/12/2022 21:27:43  Trace: (0109:0000) Compiling messageDialog
15/12/2022 21:27:43  Info: (0109:0000) Compiling dialog window: MSG_027_0_0
15/12/2022 21:27:43  Trace: (0109:0018) Compiling tokenText
15/12/2022 21:27:43  Trace: (0109:0030) Compiling tokenText
15/12/2022 21:27:43  Trace: (0110:0000) Compiling token
15/12/2022 21:27:43  Trace: (0110:0003) Compiling token
15/12/2022 21:27:43  Trace: (0110:0020) Compiling token
15/12/2022 21:27:43  Trace: (0110:0038) Compiling token
15/12/2022 21:27:43  Trace: (0110:0166) Compiling token
15/12/2022 21:27:43  Trace: (0110:0179) Compiling token
15/12/2022 21:27:43  Trace: (0111:0000) Compiling token
15/12/2022 21:27:43  Trace: (0111:0003) Compiling token
15/12/2022 21:27:43  Trace: (0111:0021) Compiling token
15/12/2022 21:27:43  Trace: (0111:0150) Compiling token
15/12/2022 21:27:43  Trace: (0111:0163) Compiling token
15/12/2022 21:27:43  Trace: (0112:0000) Compiling token
15/12/2022 21:27:43  Trace: (0112:0003) Compiling token
15/12/2022 21:27:43  Trace: (0112:0021) Compiling token
15/12/2022 21:27:43  Trace: (0112:0114) Compiling token
15/12/2022 21:27:43  Trace: (0112:0127) Compiling token
15/12/2022 21:27:43  Trace: (0114:0000) Compiling messageDialog
15/12/2022 21:27:43  Info: (0114:0000) Compiling dialog window: MSG_028_0_0
15/12/2022 21:27:43  Trace: (0114:0018) Compiling tokenText
15/12/2022 21:27:43  Trace: (0114:0027) Compiling tokenText
15/12/2022 21:27:43  Trace: (0115:0000) Compiling token
15/12/2022 21:27:43  Trace: (0115:0003) Compiling token
15/12/2022 21:27:43  Trace: (0115:0018) Compiling token
15/12/2022 21:27:43  Trace: (0115:0036) Compiling token
15/12/2022 21:27:43  Trace: (0115:0137) Compiling token
15/12/2022 21:27:43  Trace: (0115:0150) Compiling token
15/12/2022 21:27:43  Trace: (0116:0000) Compiling token
15/12/2022 21:27:43  Trace: (0116:0003) Compiling token
15/12/2022 21:27:43  Trace: (0116:0021) Compiling token
15/12/2022 21:27:43  Trace: (0116:0135) Compiling token
15/12/2022 21:27:43  Trace: (0116:0148) Compiling token
15/12/2022 21:27:43  Trace: (0118:0000) Compiling selectionDialog
15/12/2022 21:27:43  Info: (0118:0000) Compiling selection window: SEL_029_0_0
15/12/2022 21:27:43  Trace: (0118:0021) Compiling tokenText
15/12/2022 21:27:43  Trace: (0119:0000) Compiling token
15/12/2022 21:27:43  Trace: (0120:0000) Compiling token
15/12/2022 21:27:43  Trace: (0122:0000) Compiling messageDialog
15/12/2022 21:27:43  Info: (0122:0000) Compiling dialog window: MSG_030_0_0
15/12/2022 21:27:43  Trace: (0122:0018) Compiling tokenText
15/12/2022 21:27:43  Trace: (0122:0025) Compiling tokenText
15/12/2022 21:27:43  Trace: (0123:0000) Compiling token
15/12/2022 21:27:43  Trace: (0123:0003) Compiling token
15/12/2022 21:27:43  Trace: (0123:0022) Compiling token
15/12/2022 21:27:43  Trace: (0123:0040) Compiling token
15/12/2022 21:27:43  Trace: (0123:0072) Compiling token
15/12/2022 21:27:43  Trace: (0123:0085) Compiling token
15/12/2022 21:27:43  Trace: (0124:0000) Compiling token
15/12/2022 21:27:43  Trace: (0124:0003) Compiling token
15/12/2022 21:27:43  Trace: (0124:0021) Compiling token
15/12/2022 21:27:43  Trace: (0124:0107) Compiling token
15/12/2022 21:27:43  Trace: (0124:0120) Compiling token
15/12/2022 21:27:43  Trace: (0126:0000) Compiling messageDialog
15/12/2022 21:27:43  Info: (0126:0000) Compiling dialog window: MSG_031_0_0
15/12/2022 21:27:43  Trace: (0126:0018) Compiling tokenText
15/12/2022 21:27:43  Trace: (0126:0023) Compiling tokenText
15/12/2022 21:27:43  Trace: (0127:0000) Compiling token
15/12/2022 21:27:43  Trace: (0127:0003) Compiling token
15/12/2022 21:27:43  Trace: (0127:0028) Compiling token
15/12/2022 21:27:43  Trace: (0127:0104) Compiling token
15/12/2022 21:27:43  Trace: (0127:0117) Compiling token
15/12/2022 21:27:43  Trace: (0128:0000) Compiling token
15/12/2022 21:27:43  Trace: (0128:0003) Compiling token
15/12/2022 21:27:43  Trace: (0128:0022) Compiling token
15/12/2022 21:27:43  Trace: (0128:0040) Compiling token
15/12/2022 21:27:43  Trace: (0128:0144) Compiling token
15/12/2022 21:27:43  Trace: (0128:0157) Compiling token
15/12/2022 21:27:43  Trace: (0130:0000) Compiling messageDialog
15/12/2022 21:27:43  Info: (0130:0000) Compiling dialog window: MSG_032_0_0
15/12/2022 21:27:43  Trace: (0130:0018) Compiling tokenText
15/12/2022 21:27:43  Trace: (0130:0027) Compiling tokenText
15/12/2022 21:27:43 