16/12/2022 10:17:51  Trace: Arguments: E522_060.BMD.msg -Compile -OutFormat V1BE -Library P5R -Encoding P5R_EFIGS
16/12/2022 10:17:51  Info: Using P5R_EFIGS encoding
16/12/2022 10:17:51  Info: Output file path is set to E522_060.BMD.msg.bmd
16/12/2022 10:17:51  Info: Compiling MessageScript...
16/12/2022 10:17:52  Info: Parsing MessageScript source
16/12/2022 10:17:52  Info: Done parsing MessageScript source
16/12/2022 10:17:52  Info: (0001:0000) Compiling MessageScript compilation unit
16/12/2022 10:17:52  Trace: (0001:0000) Compiling compilationUnit
16/12/2022 10:17:52  Trace: (0001:0000) Compiling messageDialog
16/12/2022 10:17:52  Info: (0001:0000) Compiling dialog window: MSG_000_0_0
16/12/2022 10:17:52  Trace: (0001:0018) Compiling tokenText
16/12/2022 10:17:52  Trace: (0001:0023) Compiling tokenText
16/12/2022 10:17:52  Trace: (0002:0000) Compiling token
16/12/2022 10:17:52  Trace: (0002:0003) Compiling token
16/12/2022 10:17:52  Trace: (0002:0023) Compiling token
16/12/2022 10:17:52  Trace: (0002:0041) Compiling token
16/12/2022 10:17:52  Trace: (0002:0099) Compiling token
16/12/2022 10:17:52  Trace: (0002:0112) Compiling token
16/12/2022 10:17:52  Trace: (0004:0000) Compiling messageDialog
16/12/2022 10:17:52  Info: (0004:0000) Compiling dialog window: MSG_001_0_0
16/12/2022 10:17:52  Trace: (0004:0018) Compiling tokenText
16/12/2022 10:17:52  Trace: (0004:0024) Compiling tokenText
16/12/2022 10:17:52  Trace: (0005:0000) Compiling token
16/12/2022 10:17:52  Trace: (0005:0003) Compiling token
16/12/2022 10:17:52  Trace: (0005:0022) Compiling token
16/12/2022 10:17:52  Trace: (0005:0040) Compiling token
16/12/2022 10:17:52  Trace: (0005:0076) Compiling token
16/12/2022 10:17:52  Trace: (0005:0089) Compiling token
16/12/2022 10:17:52  Trace: (0007:0000) Compiling messageDialog
16/12/2022 10:17:52  Info: (0007:0000) Compiling dialog window: MSG_002_0_0
16/12/2022 10:17:52  Trace: (0007:0018) Compiling tokenText
16/12/2022 10:17:52  Trace: (0007:0023) Compiling tokenText
16/12/2022 10:17:52  Trace: (0008:0000) Compiling token
16/12/2022 10:17:52  Trace: (0008:0003) Compiling token
16/12/2022 10:17:52  Trace: (0008:0023) Compiling token
16/12/2022 10:17:52  Trace: (0008:0041) Compiling token
16/12/2022 10:17:52  Trace: (0008:0150) Compiling token
16/12/2022 10:17:52  Trace: (0008:0163) Compiling token
16/12/2022 10:17:52  Trace: (0009:0000) Compiling token
16/12/2022 10:17:52  Trace: (0009:0003) Compiling token
16/12/2022 10:17:52  Trace: (0009:0021) Compiling token
16/12/2022 10:17:52  Trace: (0009:0094) Compiling token
16/12/2022 10:17:52  Trace: (0009:0107) Compiling token
16/12/2022 10:17:52  Trace: (0011:0000) Compiling messageDialog
16/12/2022 10:17:52  Info: (0011:0000) Compiling dialog window: MSG_003_0_0
16/12/2022 10:17:52  Trace: (0011:0018) Compiling tokenText
16/12/2022 10:17:52  Trace: (0011:0025) Compiling tokenText
16/12/2022 10:17:52  Trace: (0012:0000) Compiling token
16/12/2022 10:17:52  Trace: (0012:0003) Compiling token
16/12/2022 10:17:52  Trace: (0012:0022) Compiling token
16/12/2022 10:17:52  Trace: (0012:0040) Compiling token
16/12/2022 10:17:52  Trace: (0012:0080) Compiling token
16/12/2022 10:17:52  Trace: (0012:0093) Compiling token
16/12/2022 10:17:52  Trace: (0014:0000) Compiling messageDialog
16/12/2022 10:17:52  Info: (0014:0000) Compiling dialog window: MSG_004_0_0
16/12/2022 10:17:52  Trace: (0014:0018) Compiling tokenText
16/12/2022 10:17:52  Trace: (0014:0026) Compiling tokenText
16/12/2022 10:17:52  Trace: (0015:0000) Compiling token
16/12/2022 10:17:52  Trace: (0015:0003) Compiling token
16/12/2022 10:17:52  Trace: (0015:0022) Compiling token
16/12/2022 10:17:52  Trace: (0015:0040) Compiling token
16/12/2022 10:17:52  Trace: (0015:0069) Compiling token
16/12/2022 10:17:52  Trace: (0015:0082) Compiling token
16/12/2022 10:17:52  Trace: (0017:0000) Compiling messageDialog
16/12/2022 10:17:52  Info: (0017:0000) Compiling dialog window: MSG_005_0_0
16/12/2022 10:17:52  Trace: (0017:0018) Compiling tokenText
16/12/2022 10:17:52  Trace: (0017:0025) Compiling tokenText
16/12/2022 10:17:52  Trace: (0018:0000) Compiling token
16/12/2022 10:17:52  Trace: (0018:0003) Compiling token
16/12/2022 10:17:52  Trace: (0018:0022) Compiling token
16/12/2022 10:17:52  Trace: (0018:0040) Compiling token
16/12/2022 10:17:52  Trace: (0018:0117) Compiling token
16/12/2022 10:17:52  Trace: (0018:0130) Compiling token
16/12/2022 10:17:52  Trace: (0020:0000) Compiling messageDialog
16/12/2022 10:17:52  Info: (0020:0000) Compiling dialog window: MSG_006_0_0
16/12/2022 10:17:52  Trace: (0020:0018) Compiling tokenText
16/12/2022 10:17:52  Trace: (0020:0026) Compiling tokenText
16/12/2022 10:17:52  Trace: (0021:0000) Compiling token
16/12/2022 10:17:52  Trace: (0021:0003) Compiling token
16/12/2022 10:17:52  Trace: (0021:0022) Compiling token
16/12/2022 10:17:52  Trace: (0021:0040) Compiling token
16/12/2022 10:17:52  Trace: (0021:0116) Compiling token
16/12/2022 10:17:52  Trace: (0021:0129) Compiling token
16/12/2022 10:17:52  Trace: (0023:0000) Compiling messageDialog
16/12/2022 10:17:52  Info: (0023:0000) Compiling dialog window: MSG_007_0_0
16/12/2022 10:17:52  Trace: (0023:0018) Compiling tokenText
16/12/2022 10:17:52  Trace: (0023:0026) Compiling tokenText
16/12/2022 10:17:52  Trace: (0024:0000) Compiling token
16/12/2022 10:17:52  Trace: (0024:0003) Compiling token
16/12/2022 10:17:52  Trace: (0024:0022) Compiling token
16/12/2022 10:17:52  Trace: (0024:0040) Compiling token
16/12/2022 10:17:52  Trace: (0024:0096) Compiling token
16/12/2022 10:17:52  Trace: (0024:0109) Compiling token
16/12/2022 10:17:52  Trace: (0026:0000) Compiling messageDialog
16/12/2022 10:17:52  Info: (0026:0000) Compiling dialog window: MSG_008_0_0
16/12/2022 10:17:52  Trace: (0026:0018) Compiling tokenText
16/12/2022 10:17:52  Trace: (0026:0024) Compiling tokenText
16/12/2022 10:17:52  Trace: (0027:0000) Compiling token
16/12/2022 10:17:52  Trace: (0027:0003) Compiling token
16/12/2022 10:17:52  Trace: (0027:0022) Compiling token
16/12/2022 10:17:52  Trace: (0027:0040) Compiling token
16/12/2022 10:17:52  Trace: (0027:0176) Compiling token
16/12/2022 10:17:52  Trace: (0027:0189) Compiling token
16/12/2022 10:17:52  Trace: (0029:0000) Compiling messageDialog
16/12/2022 10:17:52  Info: (0029:0000) Compiling dialog window: MSG_009_0_0
16/12/2022 10:17:52  Trace: (0029:0018) Compiling tokenText
16/12/2022 10:17:52  Trace: (0029:0023) Compiling tokenText
16/12/2022 10:17:52  Trace: (0030:0000) Compiling token
16/12/2022 10:17:52  Trace: (0030:0003) Compiling token
16/12/2022 10:17:52  Trace: (0030:0022) Compiling token
16/12/2022 10:17:52  Trace: (0030:0040) Compiling token
16/12/2022 10:17:52  Trace: (0030:0122) Compiling token
16/12/2022 10:17:52  Trace: (0030:0135) Compiling token
16/12/2022 10:17:52  Trace: (0032:0000) Compiling messageDialog
16/12/2022 10:17:52  Info: (0032:0000) Compiling dialog window: MSG_010_0_0
16/12/2022 10:17:52  Trace: (0032:0018) Compiling tokenText
16/12/2022 10:17:52  Trace: (0032:0026) Compiling tokenText
16/12/2022 10:17:52  Trace: (0033:0000) Compiling token
16/12/2022 10:17:52  Trace: (0033:0003) Compiling token
16/12/2022 10:17:52  Trace: (0033:0022) Compiling token
16/12/2022 10:17:52  Trace: (0033:0040) Compiling token
16/12/2022 10:17:52  Trace: (0033:0127) Compiling token
16/12/2022 10:17:52  Trace: (0033:0140) Compiling token
16/12/2022 10:17:52  Trace: (0035:0000) Compiling messageDialog
16/12/2022 10:17:52  Info: (0035:0000) Compiling dialog window: MSG_011_0_0
16/12/2022 10:17:52  Trace: (0035:0018) Compiling tokenText
16/12/2022 10:17:52  Trace: (0035:0025) Compiling tokenText
16/12/2022 10:17:52  Trace: (0036:0000) Compiling token
16/12/2022 10:17:52  Trace: (0036:0003) Compiling token
16/12/2022 10:17:52  Trace: (0036:0022) Compiling token
16/12/2022 10:17:52  Trace: (0036:0040) Compiling token
16/12/2022 10:17:52  Trace: (0036:0070) Compiling token
16/12/2022 10:17:52  Trace: (0036:0083) Compiling token
16/12/2022 10:17:52  Trace: (0038:0000) Compiling messageDialog
16/12/2022 10:17:52  Info: (0038:0000) Compiling dialog window: MSG_012_0_0
16/12/2022 10:17:52  Trace: (0038:0018) Compiling tokenText
16/12/2022 10:17:52  Trace: (0038:0026) Compiling tokenText
16/12/2022 10:17:52  Trace: (0039:0000) Compiling token
16/12/2022 10:17:52  Trace: (0039:0003) Compiling token
16/12/2022 10:17:52  Trace: (0039:0022) Compiling token
16/12/2022 10:17:52  Trace: (0039:0040) Compiling token
16/12/2022 10:17:52  Trace: (0039:0125) Compiling token
16/12/2022 10:17:52  Trace: (0039:0138) Compiling token
16/12/2022 10:17:52  Trace: (0040:0000) Compiling token
16/12/2022 10:17:52  Trace: (0040:0003) Compiling token
16/12/2022 10:17:52  Trace: (0040:0021) Compiling token
16/12/2022 10:17:52  Trace: (0040:0081) Compiling token
16/12/2022 10:17:52  Trace: (0040:0094) Compiling token
16/12/2022 10:17:52  Trace: (0042:0000) Compiling messageDialog
16/12/2022 10:17:52  Info: (0042:0000) Compiling dialog window: MSG_013_0_0
16/12/2022 10:17:52  Trace: (0042:0018) Compiling tokenText
16/12/2022 10:17:52  Trace: (0042:0025) Compiling tokenText
16/12/2022 10:17:52  Trace: (0043:0000) Compiling token
16/12/2022 10:17:52  Trace: (0043:0003) Compiling token
16/12/2022 10:17:52  Trace: (0043:0022) Compiling token
16/12/2022 10:17:52  Trace: (0043:0040) Compiling token
16/12/2022 10:17:52  Trace: (0043:0099) Compiling token
16/12/2022 10:17:52  Trace: (0043:0112) Compiling token
16/12/2022 10:17:52  Trace: (0045:0000) Compiling messageDialog
16/12/2022 10:17:52  Info: (0045:0000) Compiling dialog window: MSG_014_0_0
16/12/2022 10:17:52  Trace: (0045:0018) Compiling tokenText
16/12/2022 10:17:52  Trace: (0045:0027) Compiling tokenText
16/12/2022 10:17:52  Trace: (0046:0000) Compiling token
16/12/2022 10:17:52  Trace: (0046:0003) Compiling token
16/12/2022 10:17:52  Trace: (0046:0024) Compiling token
16/12/2022 10:17:52  Trace: (0046:0042) Compiling token
16/12/2022 10:17:52  Trace: (0046:0091) Compiling token
16/12/2022 10:17:52  Trace: (0046:0104) Compiling token
16/12/2022 10:17:52  Trace: (0047:0000) Compiling token
16/12/2022 10:17:52  Trace: (0047:0003) Compiling token
16/12/2022 10:17:52  Trace: (0047:0024) Compiling token
16/12/2022 10:17:52  Trace: (0047:0042) Compiling token
16/12/2022 10:17:52  Trace: (0047:0125) Compiling token
16/12/2022 10:17:52  Trace: (0047:0138) Compiling token
16/12/2022 10:17:52  Trace: (0049:0000) Compiling messageDialog
16/12/2022 10:17:52  Info: (0049:0000) Compiling dialog window: MSG_015_0_0
16/12/2022 10:17:52  Trace: (0049:0018) Compiling tokenText
16/12/2022 10:17:52  Trace: (0049:0023) Compiling tokenText
16/12/2022 10:17:52  Trace: (0050:0000) Compiling token
16/12/2022 10:17:52  Trace: (0050:0003) Compiling token
16/12/2022 10:17:52  Trace: (0050:0022) Compiling token
16/12/2022 10:17:52  Trace: (0050:0040) Compiling token
16/12/2022 10:17:52  Trace: (0050:0096) Compiling token
16/12/2022 10:17:52  Trace: (0050:0109) Compiling token
16/12/2022 10:17:52  Trace: (0052:0000) Compiling messageDialog
16/12/2022 10:17:52  Info: (0052:0000) Compiling dialog window: MSG_016_0_0
16/12/2022 10:17:52  Trace: (0052:0018) Compiling tokenText
16/12/2022 10:17:52  Trace: (0052:0026) Compiling tokenText
16/12/2022 10:17:52  Trace: (0053:0000) Compiling token
16/12/2022 10:17:52  Trace: (0053:0003) Compiling token
16/12/2022 10:17:52  Trace: (0053:0022) Compiling token
16/12/2022 10:17:52  Trace: (0053:0040) Compiling token
16/12/2022 10:17:52  Trace: (0053:0113) Compiling token
16/12/2022 10:17:52  Trace: (0053:0126) Compiling token
16/12/2022 10:17:52  Trace: (0055:0000) Compiling messageDialog
16/12/2022 10:17:52  Info: (0055:0000) Compiling dialog window: MSG_017_0_0
16/12/2022 10:17:52  Trace: (0055:0018) Compiling tokenText
16/12/2022 10:17:52  Trace: (0055:0026) Compiling tokenText
16/12/2022 10:17:52  Trace: (0056:0000) Compiling token
16/12/2022 10:17:52  Trace: (0056:0003) Compiling token
16/12/2022 10:17:52  Trace: (0056:0019) Compiling token
16/12/2022 10:17:52  Trace: (0056:0037) Compiling token
16/12/2022 10:17:52  Trace: (0056:0088) Compiling token
16/12/2022 10:17:52  Trace: (0056:0101) Compiling token
16/12/2022 10:17:52  Trace: (0058:0000) Compiling messageDialog
16/12/2022 10:17:52  Info: (0058:0000) Compiling dialog window: MSG_019_0_0
16/12/2022 10:17:52  Trace: (0058:0018) Compiling tokenText
16/12/2022 10:17:52  Trace: (0058:0024) Compiling tokenText
16/12/2022 10:17:52  Trace: (0059:0000) Compiling token
16/12/2022 10:17:52  Trace: (0059:0003) Compiling token
16/12/2022 10:17:52  Trace: (0059:0022) Compiling token
16/12/2022 10:17:52  Trace: (0059:0040) Compiling token
16/12/2022 10:17:52  Trace: (0059:0091) Compiling token
16/12/2022 10:17:52  Trace: (0059:0104) Compiling token
16/12/2022 10:17:52  Trace: (0061:0000) Compiling messageDialog
16/12/2022 10:17:52  Info: (0061:0000) Compiling dialog window: MSG_020_0_0
16/12/2022 10:17:52  Trace: (0061:0018) Compiling tokenText
16/12/2022 10:17:52  Trace: (0061:0026) Compiling tokenText
16/12/2022 10:17:52  Trace: (0062:0000) Compiling token
16/12/2022 10:17:52  Trace: (0062:0003) Compiling token
16/12/2022 10:17:52  Trace: (0062:0019) Compiling token
16/12/2022 10:17:52  Trace: (0062:0037) Compiling token
16/12/2022 10:17:52  Trace: (0062:0099) Compiling token
16/12/2022 10:17:52  Trace: (0062:0112) Compiling token
16/12/2022 10:17:52  Trace: (0064:0000) Compiling messageDialog
16/12/2022 10:17:52  Info: (0064:0000) Compiling dialog window: MSG_021_0_0
16/12/2022 10:17:52  Trace: (0064:0018) Compiling tokenText
16/12/2022 10:17:52  Trace: (0064:0026) Compiling tokenText
16/12/2022 10:17:52  Trace: (0065:0000) Compiling token
16/12/2022 10:17:52  Trace: (0065:0003) Compiling token
16/12/2022 10:17:52  Trace: (0065:0019) Compiling token
16/12/2022 10:17:52  Trace: (0065:0037) Compiling token
16/12/2022 10:17:52  Trace: (0065:0097) Compiling token
16/12/2022 10:17:52  Trace: (0065:0110) Compiling token
16/12/2022 10:17:52  Trace: (0067:0000) Compiling messageDialog
16/12/2022 10:17:52  Info: (0067:0000) Compiling dialog window: MSG_022_0_0
16/12/2022 10:17:52  Trace: (0067:0018) Compiling tokenText
16/12/2022 10:17:52  Trace: (0067:0026) Compiling tokenText
16/12/2022 10:17:52  Trace: (0068:0000) Compiling token
16/12/2022 10:17:52  Trace: (0068:0003) Compiling token
16/12/2022 10:17:52  Trace: (0068:0022) Compiling token
16/12/2022 10:17:52  Trace: (0068:0040) Compiling token
16/12/2022 10:17:52  Trace: (0068:0073) Compiling token
16/12/2022 10:17:52  Trace: (0068:0086) Compiling token
16/12/2022 10:17:52  Trace: (0070:0000) Compiling messageDialog
16/12/2022 10:17:52  Info: (0070:0000) Compiling dialog window: MSG_023_0_0
16/12/2022 10:17:52  Trace: (0070:0018) Compiling tokenText
16/12/2022 10:17:52  Trace: (0070:0024) Compiling tokenText
16/12/2022 10:17:52  Trace: (0071:0000) Compiling token
16/12/2022 10:17:52  Trace: (0071:0003) Compiling token
16/12/2022 10:17:52  Trace: (0071:0022) Compiling token
16/12/2022 10:17:52  Trace: (0071:0040) Compiling token
16/12/2022 10:17:52  Trace: (0071:0124) Compiling token
16/12/2022 10:17:52  Trace: (0071:0137) Compiling token
16/12/2022 10:17:52  Trace: (0073:0000) Compiling messageDialog
16/12/2022 10:17:52  Info: (0073:0000) Compiling dialog window: MSG_024_0_0
16/12/2022 10:17:52  Trace: (0073:0018) Compiling tokenText
16/12/2022 10:17:52  Trace: (0073:0023) Compiling tokenText
16/12/2022 10:17:52  Trace: (0074:0000) Compiling token
16/12/2022 10:17:52  Trace: (0074:0003) Compiling token
16/12/2022 10:17:52  Trace: (0074:0022) Compiling token
16/12/2022 10:17:52  Trace: (0074:0040) Compiling token
16/12/2022 10:17:52  Trace: (0074:0073) Compiling token
16/12/2022 10:17:52  Trace: (0074:0086) Compiling token
16/12/2022 10:17:52  Trace: (0076:0000) Compiling messageDialog
16/12/2022 10:17:52  Info: (0076:0000) Compiling dialog window: MSG_025_0_0
16/12/2022 10:17:52  Trace: (0076:0018) Compiling tokenText
16/12/2022 10:17:52  Trace: (0076:0026) Compiling tokenText
16/12/2022 10:17:52  Trace: (0077:0000) Compiling token
16/12/2022 10:17:52  Trace: (0077:0003) Compiling token
16/12/2022 10:17:52  Trace: (0077:0021) Compiling token
16/12/2022 10:17:52  Trace: (0077:0083) Compiling token
16/12/2022 10:17:52  Trace: (0077:0096) Compiling token
16/12/2022 10:17:52  Trace: (0079:0000) Compiling messageDialog
16/12/2022 10:17:52  Info: (0079:0000) Compiling dialog window: MSG_026_0_0
16/12/2022 10:17:52  Trace: (0079:0018) Compiling tokenText
16/12/2022 10:17:52  Trace: (0079:0024) Compiling tokenText
16/12/2022 10:17:52  Trace: (0080:0000) Compiling token
16/12/2022 10:17:52  Trace: (0080:0003) Compiling token
16/12/2022 10:17:52  Trace: (0080:0022) Compiling token
16/12/2022 10:17:52  Trace: (0080:0040) Compiling token
16/12/2022 10:17:52  Trace: (0080:0075) Compiling token
16/12/2022 10:17:52  Trace: (0080:0088) Compiling token
16/12/2022 10:17:52  Trace: (0082:0000) Compiling messageDialog
16/12/2022 10:17:52  Info: (0082:0000) Compiling dialog window: MSG_027_0_0
16/12/2022 10:17:52  Trace: (0082:0018) Compiling tokenText
16/12/2022 10:17:52  Trace: (0082:0026) Compiling tokenText
16/12/2022 10:17:52  Trace: (0083:0000) Compiling token
16/12/2022 10:17:52  Trace: (0083:0003) Compiling token
16/12/2022 10:17:52  Trace: (0083:0022) Compiling token
16/12/2022 10:17:52  Trace: (0083:0040) Compiling token
16/12/2022 10:17:52  Trace: (0083:0092) Compiling token
16/12/2022 10:17:52  Trace: (0083:0105) Compiling token
16/12/2022 10:17:52  Trace: (0084:0000) Compiling token
16/12/2022 10:17:52  Trace: (0084:0003) Compiling token
16/12/2022 10:17:52  Trace: (0084:0021) Compiling token
16/12/2022 10:17:52  Trace: (0084:0127) Compiling token
16/12/2022 10:17:52  Trace: (0084:0140) Compiling token
16/12/2022 10:17:52  Trace: (0086:0000) Compiling messageDialog
16/12/2022 10:17:52  Info: (0086:0000) Compiling dialog window: MSG_028_0_0
16/12/2022 10:17:52  Trace: (0086:0018) Compiling tokenText
16/12/2022 10:17:52  Trace: (0086:0026) Compiling tokenText
16/12/2022 10:17:52  Trace: (0087:0000) Compiling token
16/12/2022 10:17:52  Trace: (0087:0003) Compiling token
16/12/2022 10:17:52  Trace: (0087:0018) Compiling token
16/12/2022 10:17:52  Trace: (0087:0036) Compiling token
16/12/2022 10:17:52  Trace: (0087:0092) Compiling token
16/12/2022 10:17:52  Trace: (0087:0105) Compiling token
16/12/2022 10:17:52  Trace: (0088:0000) Compiling token
16/12/2022 10:17:52  Trace: (0088:0003) Compiling token
16/12/2022 10:17:52  Trace: (0088:0018) Compiling token
16/12/2022 10:17:52  Trace: (0088:0036) Compiling token
16/12/2022 10:17:52  Trace: (0088:0060) Compiling token
16/12/2022 10:17:52  Trace: (0088:0190) Compiling token
16/12/2022 10:17:52  Trace: (0088:0203) Compiling token
16/12/2022 10:17:52  Trace: (0090:0000) Compiling messageDialog
16/12/2022 10:17:52  Info: (0090:0000) Compiling dialog window: MSG_029_0_0
16/12/2022 10:17:52  Trace: (0090:0018) Compiling tokenText
16/12/2022 10:17:52  Trace: (0090:0026) Compiling tokenText
16/12/2022 10:17:52  Trace: (0091:0000) Compiling token
16/12/2022 10:17:52  Trace: (0091:0003) Compiling token
16/12/2022 10:17:52  Trace: (0091:0018) Compiling token
16/12/2022 10:17:52  Trace: (0091:0036) Compiling token
16/12/2022 10:17:52  Trace: (0091:0105) Compiling token
16/12/2022 10:17:52  Trace: (0091:0118) Compiling token
16/12/2022 10:17:52  Trace: (0093:0000) Compiling messageDialog
16/12/2022 10:17:52  Info: (0093:0000) Compiling dialog window: MSG_030_0_0
16/12/2022 10:17:52  Trace: (0093:0018) Compiling tokenText
16/12/2022 10:17:52  Trace: (0093:0026) Compiling tokenText
16/12/2022 10:17:52  Trace: (0094:0000) Compiling token
16/12/2022 10:17:52  Trace: (0094:0003) Compiling token
16/12/2022 10:17:52  Trace: (0094:0018) Compiling token
16/12/2022 10:17:52  Trace: (0094:0036) Compiling token
16/12/2022 10:17:52  Trace: (0094:0080) Compiling token
16/12/2022 10:17:52  Trace: (0094:0093) Compiling token
16/12/2022 10:17:52  Trace: (0095:0000) Compiling token
16/12/2022 10:17:52  Trace: (0095:0003) Compiling token
16/12/2022 10:17:52  Trace: (0095:0018) Compiling token
16/12/2022 10:17:52  Trace: (0095:0036) Compiling token
16/12/2022 10:17:52  Trace: (0095:0060) Compiling token
16/12/2022 10:17:52  Trace: (0095:0110) Compiling token
16/12/2022 10:17:52  Trace: (0095:0123) Compiling token
16/12/2022 10:17:52  Trace: (0097:0000) Compiling messageDialog
16/12/2022 10:17:52  Info: (0097:0000) Compiling dialog window: MSG_031_0_0
16/12/2022 10:17:52  Trace: (0097:0018) Compiling tokenText
16/12/2022 10:17:52  Trace: (0097:0035) Compiling tokenText
16/12/2022 10:17:52  Trace: (0098:0000) Compiling token
16/12/2022 10:17:52  Trace: (0098:0003) Compiling token
16/12/2022 10:17:52  Trace: (0098:0064) Compiling token
16/12/2022 10:17:52  Trace: (0098:0077) Compiling token
16/12/2022 10:17:52  Trace: (0100:0000) Compiling messageDialog
16/12/2022 10:17:52  Info: (0100:0000) Compiling dialog window: MSG_032_0_0
16/12/2022 10:17:52  Trace: (0100:0018) Compiling tokenText
16/12/2022 10:17:52  Trace: (0100:0035) Compiling tokenText
16/12/2022 10:17:52  Trace: (0101:0000) Compiling token
16/12/2022 10:17:52  Trace: (0101:0003) Compiling token
16/12/2022 10:17:52  Trace: (0101:0054) Compiling token
16/12/2022 10:17:52  Trace: (0101:0067) Compiling token
16/12/2022 10:17:52  Trace: (0103:0000) Compiling messageDialog
16/12/2022 10:17:52  Info: (0103:0000) Compiling dialog window: MSG_033_0_0
16/12/2022 10:17:52  Trace: (0103:0018) Compiling tokenText
16/12/2022 10:17:52  Trace: (0103:0035) Compiling tokenText
16/12/2022 10:17:52  Trace: (0104:0000) Compiling token
16/12/2022 10:17:52  Trace: (0104:0003) Compiling token
16/12/2022 10:17:52  Trace: (0104:0035) Compiling token
16/12/2022 10:17:52  Trace: (0104:0048) Compiling token
16/12/2022 10:17:52  Trace: (0105:0000) Compiling token
16/12/2022 10:17:52  Trace: (0105:0003) Compiling token
16/12/2022 10:17:52  Trace: (0105:0038) Compiling token
16/12/2022 10:17:52  Trace: (0105:0051) Compiling token
16/12/2022 10:17:52  Trace: (0107:0000) Compiling messageDialog
16/12/2022 10:17:52  Info: (0107:0000) Compiling dialog window: MSG_034_0_0
16/12/2022 10:17:52  Trace: (0107:0018) Compiling tokenText
16/12/2022 10:17:52  Trace: (0107:0026) Compiling tokenText
16/12/2022 10:17:52  Trace: (0108:0000) Compiling token
16/12/2022 10:17:52  Trace: (0108:0003) Compiling token
16/12/2022 10:17:52  Trace: (0108:0046) Compiling token
16/12/2022 10:17:52  Trace: (0108:0059) Compiling token
16/12/2022 10:17:52  Trace: (0110:0000) Compiling messageDialog
16/12/2022 10:17:52  Info: (0110:0000) Compiling dialog window: MSG_034_1_0
16/12/2022 10:17:52  Trace: (0110:0018) Compiling tokenText
16/12/2022 10:17:52  Trace: (0110:0029) Compiling tokenText
16/12/2022 10:17:52  Trace: (0111:0000) Compiling token
16/12/2022 10:17:52  Trace: (0111:0003) Compiling token
16/12/2022 10:17:52  Trace: (0111:0046) Compiling token
16/12/2022 10:17:52  Trace: (0111:0059) Compiling token
16/12/2022 10:17:52  Trace: (0113:0000) Compiling messageDialog
16/12/2022 10:17:52  Info: (0113:0000) Compiling dialog window: MSG_034_2_0
16/12/2022 10:17:52  Trace: (0113:0018) Compiling tokenText
16/12/2022 10:17:52  Trace: (0113:0028) Compiling tokenText
16/12/2022 10:17:52  Trace: (0114:0000) Compiling token
16/12/2022 10:17:52  Trace: (0114:0003) Compiling token
16/12/2022 10:17:52  Trace: (0114:0046) Compiling token
16/12/2022 10:17:52  Trace: (0114:0059) Compiling token
16/12/2022 10:17:52  Trace: (0116:0000) Compiling messageDialog
16/12/2022 10:17:52  Info: (0116:0000) Compiling dialog window: MSG_034_3_0
16/12/2022 10:17:52  Trace: (0116:0018) Compiling tokenText
16/12/2022 10:17:52  Trace: (0116:0028) Compiling tokenText
16/12/2022 10:17:52  Trace: (0117:0000) Compiling token
16/12/2022 10:17:52  Trace: (0117:0003) Compiling token
16/12/2022 10:17:52  Trace: (0117:0046) Compiling token
16/12/2022 10:17:52  Trace: (0117:0059) Compiling token
16/12/2022 10:17:52  Trace: (0119:0000) Compiling messageDialog
16/12/2022 10:17:52  Info: (0119:0000) Compiling dialog window: MSG_034_4_0
16/12/2022 10:17:52  Trace: (0119:0018) Compiling tokenText
16/12/2022 10:17:52  Trace: (0119:0030) Compiling tokenText
16/12/2022 10:17:52  Trace: (0120:0000) Compiling token
16/12/2022 10:17:52  Trace: (0120:0003) Compiling token
16/12/2022 10:17:52  Trace: (0120:0046) Compiling token
16/12/2022 10:17:52  Trace: (0120:0059) Compiling token
16/12/2022 10:17:52  Trace: (0122:0000) Compiling messageDialog
16/12/2022 10:17:52  Info: (0122:0000) Compiling dialog window: MSG_034_5_0
16/12/2022 10:17:52  Trace: (0122:0018) Compiling tokenText
16/12/2022 10:17:52  Trace: (0122:0028) Compiling tokenText
16/12/2022 10:17:52  Trace: (0123:0000) Compiling token
16/12/2022 10:17:52  Trace: (0123:0003) Compiling token
16/12/2022 10:17:52  Trace: (0123:0046) Compiling token
16/12/2022 10:17:52  Trace: (0123:0059) Compiling token
16/12/2022 10:17:52  Trace: (0125:0000) Compiling messageDialog
16/12/2022 10:17:52  Info: (0125:0000) Compiling dialog window: MSG_034_6_0
16/12/2022 10:17:52  Trace: (0125:0018) Compiling tokenText
16/12/2022 10:17:52  Trace: (0125:0029) Compiling tokenText
16/12/2022 10:17:52  Trace: (0126:0000) Compiling token
16/12/2022 10:17:52  Trace: (0126:0003) Compiling token
16/12/2022 10:17:52  Trace: (0126:0046) Compiling token
16/12/2022 10:17:52  Trace: (0126:0059) Compiling token
16/12/2022 10:17:52  Trace: (0128:0000) Compiling messageDialog
16/12/2022 10:17:52  Info: (0128:0000) Compiling dialog window: MSG_034_7_0
16/12/2022 10:17:52  Trace: (0128:0018) Compiling tokenText
16/12/2022 10:17:52  Trace: (0128:0028) Compiling tokenText
16/12/2022 10:17:52  Trace: (0129:0000) Compiling token
16/12/2022 10:17:52  Trace: (0129:0003) Compiling token
16/12/2022 10:17:52  Trace: (0129:0046) Compiling token
16/12/2022 10:17:52  Trace: (0129:0059) Compiling token
16/12/2022 10:17:52  Trace: (0131:0000) Compiling messageDialog
16/12/2022 10:17:52  Info: (0131:0000) Compiling dialog window: MSG_034_8_0
16/12/2022 10:17:52  Trace: (0131:0018) Compiling tokenText
16/12/2022 10:17:52  Trace: (0131:0029) Compiling tokenText
16/12/2022 10:17:52  Trace: (0132:0000) Compiling token
16/12/2022 10:17:52  Trace: (0132:0003) Compiling token
16/12/2022 10:17:52  Trace: (0132:0046) Compiling token
16/12/2022 10:17:52  Trace: (0132:0059) Compiling token
16/12/2022 10:17:52  Trace: (0134:0000) Compiling messageDialog
16/12/2022 10:17:52  Info: (0134:0000) Compiling dialog window: MSG_034_9_0
16/12/2022 10:17:52  Trace: (0134:0018) Compiling tokenText
16/12/2022 10:17:52  Trace: (0134:0030) Compiling tokenText
16/12/2022 10:17:52  Trace: (0135:0000) Compiling token
16/12/2022 10:17:52  Trace: (0135:0003) Compiling token
16/12/2022 10:17:52  Trace: (0135:0046) Compiling token
16/12/2022 10:17:52  Trace: (0135:0059) Compiling token
16/12/2022 10:17:52  Trace: (0137:0000) Compiling messageDialog
16/12/2022 10:17:52  Info: (0137:0000) Compiling dialog window: MSG_035_0_0
16/12/2022 10:17:52  Trace: (0137:0018) Compiling tokenText
16/12/2022 10:17:52  Trace: (0137:0026) Compiling tokenText
16/12/2022 10:17:52  Trace: (0138:0000) Compiling token
16/12/2022 10:17:52  Trace: (0138:0003) Compiling token
16/12/2022 10:17:52  Trace: (0138:0019) Compiling token
16/12/2022 10:17:52  Trace: (0138:0037) Compiling token
16/12/2022 10:17:52  Trace: (0138:0070) Compiling token
16/12/2022 10:17:52  Trace: (0138:0083) Compiling token
16/12/2022 10:17:52  Trace: (0140:0000) Compiling messageDialog
16/12/2022 10:17:52  Info: (0140:0000) Compiling dialog window: MSG_036_0_0
16/12/2022 10:17:52  Trace: (0140:0018) Compiling tokenText
16/12/2022 10:17:52  Trace: (0140:0026) Compiling tokenText
16/12/2022 10:17:52  Trace: (0141:0000) Compiling token
16/12/2022 10:17:52  Trace: (0141:0003) Compiling token
16/12/2022 10:17:52  Trace: (0141:0046) Compiling token
16/12/2022 10:17:52  Trace: (0141:0059) Compiling token
16/12/2022 10:17:52  Trace: (0143:0000) Compiling messageDialog
16/12/2022 10:17:52  Info: (0143:0000) Compiling dialog window: MSG_036_1_0
16/12/2022 10:17:52  Trace: (0143:0018) Compiling tokenText
16/12/2022 10:17:52  Trace: (0143:0029) Compiling tokenText
16/12/2022 10:17:52  Trace: (0144:0000) Compiling token
16/12/2022 10:17:52  Trace: (0144:0003) Compiling token
16/12/2022 10:17:52  Trace: (0144:0046) Compiling token
16/12/2022 10:17:52  Trace: (0144:0059) Compiling token
16/12/2022 10:17:52  Trace: (0146:0000) Compiling messageDialog
16/12/2022 10:17:52  Info: (0146:0000) Compiling dialog window: MSG_036_2_0
16/12/2022 10:17:52  Trace: (0146:0018) Compiling tokenText
16/12/2022 10:17:52  Trace: (0146:0028) Compiling tokenText
16/12/2022 10:17:52  Trace: (0147:0000) Compiling token
16/12/2022 10:17:52  Trace: (0147:0003) Compiling token
16/12/2022 10:17:52  Trace: (0147:0046) Compiling token
16/12/2022 10:17:52  Trace: (0147:0059) Compiling token
16/12/2022 10:17:52  Trace: (0149:0000) Compiling messageDialog
16/12/2022 10:17:52  Info: (0149:0000) Compiling dialog window: MSG_036_3_0
16/12/2022 10:17:52  Trace: (0149:0018) Compiling tokenText
16/12/2022 10:17:52  Trace: (0149:0028) Compiling tokenText
16/12/2022 10:17:52  Trace: (0150:0000) Compiling token
16/12/2022 10:17:52  Trace: (0150:0003) Compiling token
16/12/2022 10:17:52  Trace: (0150:0046) Compiling token
16/12/2022 10:17:52  Trace: (0150:0059) Compiling token
16/12/2022 10:17:52  Trace: (0152:0000) Compiling messageDialog
16/12/2022 10:17:52  Info: (0152:0000) Compiling dialog window: MSG_036_4_0
16/12/2022 10:17:52  Trace: (0152:0018) Compiling tokenText
16/12/2022 10:17:52  Trace: (0152:0030) Compiling tokenText
16/12/2022 10:17:52  Trace: (0153:0000) Compiling token
16/12/2022 10:17:52  Trace: (0153:0003) Compiling token
16/12/2022 10:17:52  Trace: (0153:0046) Compiling token
16/12/2022 10:17:52  Trace: (0153:0059) Compiling token
16/12/2022 10:17:52  Trace: (0155:0000) Compiling messageDialog
16/12/2022 10:17:52  Info: (0155:0000) Compiling dialog window: MSG_036_5_0
16/12/2022 10:17:52  Trace: (0155:0018) Compiling tokenText
16/12/2022 10:17:52  Trace: (0155:0028) Compiling tokenText
16/12/2022 10:17:52  Trace: (0156:0000) Compiling token
16/12/2022 10:17:52  Trace: (0156:0003) Compiling token
16/12/2022 10:17:52  Trace: (0156:0046) Compiling token
16/12/2022 10:17:52  Trace: (0156:0059) Compiling token
16/12/2022 10:17:52  Trace: (0158:0000) Compiling messageDialog
16/12/2022 10:17:52  Info: (0158:0000) Compiling dialog window: MSG_036_6_0
16/12/2022 10:17:52  Trace: (0158:0018) Compiling tokenText
16/12/2022 10:17:52  Trace: (0158:0029) Compiling tokenText
16/12/2022 10:17:52  Trace: (0159:0000) Compiling token
16/12/2022 10:17:52  Trace: (0159:0003) Compiling token
16/12/2022 10:17:52  Trace: (0159:0046) Compiling token
16/12/2022 10:17:52  Trace: (0159:0059) Compiling token
16/12/2022 10:17:52  Trace: (0161:0000) Compiling messageDialog
16/12/2022 10:17:52  Info: (0161:0000) Compiling dialog window: MSG_036_7_0
16/12/2022 10:17:52  Trace: (0161:0018) Compiling tokenText
16/12/2022 10:17:52  Trace: (0161:0028) Compiling tokenText
16/12/2022 10:17:52  Trace: (0162:0000) Compiling token
16/12/2022 10:17:52  Trace: (0162:0003) Compiling token
16/12/2022 10:17:52  Trace: (0162:0046) Compiling token
16/12/2022 10:17:52  Trace: (0162:0059) Compiling token
16/12/2022 10:17:52  Trace: (0164:0000) Compiling messageDialog
16/12/2022 10:17:52  Info: (0164:0000) Compiling dialog window: MSG_036_8_0
16/12/2022 10:17:52  Trace: (0164:0018) Compiling tokenText
16/12/2022 10:17:52  Trace: (0164:0029) Compiling tokenText
16/12/2022 10:17:52  Trace: (0165:0000) Compiling token
16/12/2022 10:17:52  Trace: (0165:0003) Compiling token
16/12/2022 10:17:52  Trace: (0165:0046) Compiling token
16/12/2022 10:17:52  Trace: (0165:0059) Compiling token
16/12/2022 10:17:52  Trace: (0167:0000) Compiling messageDialog
16/12/2022 10:17:52  Info: (0167:0000) Compiling dialog window: MSG_036_9_0
16/12/2022 10:17:52  Trace: (0167:0018) Compiling tokenText
16/12/2022 10:17:52  Trace: (0167:0030) Compiling tokenText
16/12/2022 10:17:52  Trace: (0168:0000) Compiling token
16/12/2022 10:17:52  Trace: (0168:0003) Compiling token
16/12/2022 10:17:52  Trace: (0168:0046) Compiling token
16/12/2022 10:17:52  Trace: (0168:0059) Compiling token
16/12/2022 10:17:52  Trace: (0170:0000) Compiling messageDialog
16/12/2022 10:17:52  Info: (0170:0000) Compiling dialog window: MSG_037_0_0
16/12/2022 10:17:52  Trace: (0170:0018) Compiling tokenText
16/12/2022 10:17:52  Trace: (0170:0027) Compiling tokenText
16/12/2022 10:17:52  Trace: (0171:0000) Compiling token
16/12/2022 10:17:52  Trace: (0171:0003) Compiling token
16/12/2022 10:17:52  Trace: (0171:0043) Compiling token
16/12/2022 10:17:52  Trace: (0171:0056) Compiling token
16/12/2022 10:17:52  Trace: (0173:0000) Compiling messageDialog
16/12/2022 10:17:52  Info: (0173:0000) Compiling dialog window: MSG_038_0_0
16/12/2022 10:17:52  Trace: (0173:0018) Compiling tokenText
16/12/2022 10:17:52  Trace: (0173:0026) Compiling tokenText
16/12/2022 10:17:52  Trace: (0174:0000) Compiling token
16/12/2022 10:17:52  Trace: (0174:0003) Compiling token
16/12/2022 10:17:52  Trace: (0174:0043) Compiling token
16/12/2022 10:17:52  Trace: (0174:0056) Compiling token
16/12/2022 10:17:52  Trace: (0176:0000) Compiling messageDialog
16/12/2022 10:17:52  Info: (0176:0000) Compiling dialog window: MSG_038_1_0
16/12/2022 10:17:52  Trace: (0176:0018) Compiling tokenText
16/12/2022 10:17:52  Trace: (0176:0029) Compiling tokenText
16/12/2022 10:17:52  Trace: (0177:0000) Compiling token
16/12/2022 10:17:52  Trace: (0177:0003) Compiling token
16/12/2022 10:17:52  Trace: (0177:0043) Compiling token
16/12/2022 10:17:52  Trace: (0177:0056) Compiling token
16/12/2022 10:17:52  Trace: (0179:0000) Compiling messageDialog
16/12/2022 10:17:52  Info: (0179:0000) Compiling dialog window: MSG_038_2_0
16/12/2022 10:17:52  Trace: (0179:0018) Compiling tokenText
16/12/2022 10:17:52  Trace: (0179:0028) Compiling tokenText
16/12/2022 10:17:52  Trace: (0180:0000) Compiling token
16/12/2022 10:17:52  Trace: (0180:0003) Compiling token
16/12/2022 10:17:52  Trace: (0180:0043) Compiling token
16/12/2022 10:17:52  Trace: (0180:0056) Compiling token
16/12/2022 10:17:52  Trace: (0182:0000) Compiling messageDialog
16/12/2022 10:17:52  Info: (0182:0000) Compiling dialog window: MSG_038_3_0
16/12/2022 10:17:52  Trace: (0182:0018) Compiling tokenText
16/12/2022 10:17:52  Trace: (0182:0028) Compiling tokenText
16/12/2022 10:17:52  Trace: (0183:0000) Compiling token
16/12/2022 10:17:52  Trace: (0183:0003) Compiling token
16/12/2022 10:17:52  Trace: (0183:0043) Compiling token
16/12/2022 10:17:52  Trace: (0183:0056) Compiling token
16/12/2022 10:17:52  Trace: (0185:0000) Compiling messageDialog
16/12/2022 10:17:52  Info: (0185:0000) Compiling dialog window: MSG_038_4_0
16/12/2022 10:17:52  Trace: (0185:0018) Compiling tokenText
16/12/2022 10:17:52  Trace: (0185:0030) Compiling tokenText
16/12/2022 10:17:52  Trace: (0186:0000) Compiling token
16/12/2022 10:17:52  Trace: (0186:0003) Compiling token
16/12/2022 10:17:52  Trace: (0186:0043) Compiling token
16/12/2022 10:17:52  Trace: (0186:0056) Compiling token
16/12/2022 10:17:52  Trace: (0188:0000) Compiling messageDialog
16/12/2022 10:17:52  Info: (0188:0000) Compiling dialog window: MSG_038_5_0
16/12/2022 10:17:52  Trace: (0188:0018) Compiling tokenText
16/12/2022 10:17:52  Trace: (0188:0028) Compiling tokenText
16/12/2022 10:17:52  Trace: (0189:0000) Compiling token
16/12/2022 10:17:52  Trace: (0189:0003) Compiling token
16/12/2022 10:17:52  Trace: (0189:0043) Compiling token
16/12/2022 10:17:52  Trace: (0189:0056) Compiling token
16/12/2022 10:17:52  Trace: (0191:0000) Compiling messageDialog
16/12/2022 10:17:52  Info: (0191:0000) Compiling dialog window: MSG_038_6_0
16/12/2022 10:17:52  Trace: (0191:0018) Compiling tokenText
16/12/2022 10:17:52  Trace: (0191:0029) Compiling tokenText
16/12/2022 10:17:52  Trace: (0192:0000) Compiling token
16/12/2022 10:17:52  Trace: (0192:0003) Compiling token
16/12/2022 10:17:52  Trace: (0192:0043) Compiling token
16/12/2022 10:17:52  Trace: (0192:0056) Compiling token
16/12/2022 10:17:52  Trace: (0194:0000) Compiling messageDialog
16/12/2022 10:17:52  Info: (0194:0000) Compiling dialog window: MSG_038_7_0
16/12/2022 10:17:52  Trace: (0194:0018) Compiling tokenText
16/12/2022 10:17:52  Trace: (0194:0028) Compiling tokenText
16/12/2022 10:17:52  Trace: (0195:0000) Compiling token
16/12/2022 10:17:52  Trace: (0195:0003) Compiling token
16/12/2022 10:17:52  Trace: (0195:0043) Compiling token
16/12/2022 10:17:52  Trace: (0195:0056) Compiling token
16/12/2022 10:17:52  Trace: (0197:0000) Compiling messageDialog
16/12/2022 10:17:52  Info: (0197:0000) Compiling dialog window: MSG_038_8_0
16/12/2022 10:17:52  Trace: (0197:0018) Compiling tokenText
16/12/2022 10:17:52  Trace: (0197:0029) Compiling tokenText
16/12/2022 10:17:52  Trace: (0198:0000) Compiling token
16/12/2022 10:17:52  Trace: (0198:0003) Compiling token
16/12/2022 10:17:52  Trace: (0198:0043) Compiling token
16/12/2022 10:17:52  Trace: (0198:0056) Compiling token
16/12/2022 10:17:52  Trace: (0200:0000) Compiling messageDialog
16/12/2022 10:17:52  Info: (0200:0000) Compiling dialog window: MSG_0