16/12/2022 09:44:18  Trace: Arguments: E399_002.BMD.msg -Compile -OutFormat V1BE -Library P5R -Encoding P5R_EFIGS
16/12/2022 09:44:18  Info: Using P5R_EFIGS encoding
16/12/2022 09:44:18  Info: Output file path is set to E399_002.BMD.msg.bmd
16/12/2022 09:44:18  Info: Compiling MessageScript...
16/12/2022 09:44:19  Info: Parsing MessageScript source
16/12/2022 09:44:19  Info: Done parsing MessageScript source
16/12/2022 09:44:19  Info: (0001:0000) Compiling MessageScript compilation unit
16/12/2022 09:44:19  Trace: (0001:0000) Compiling compilationUnit
16/12/2022 09:44:19  Trace: (0001:0000) Compiling messageDialog
16/12/2022 09:44:19  Info: (0001:0000) Compiling dialog window: MSG_000_0_0
16/12/2022 09:44:19  Trace: (0001:0018) Compiling tokenText
16/12/2022 09:44:19  Trace: (0001:0027) Compiling tokenText
16/12/2022 09:44:19  Trace: (0002:0000) Compiling token
16/12/2022 09:44:19  Trace: (0002:0003) Compiling token
16/12/2022 09:44:19  Trace: (0002:0018) Compiling token
16/12/2022 09:44:19  Trace: (0002:0036) Compiling token
16/12/2022 09:44:19  Trace: (0002:0110) Compiling token
16/12/2022 09:44:19  Trace: (0002:0123) Compiling token
16/12/2022 09:44:19  Trace: (0003:0000) Compiling token
16/12/2022 09:44:19  Trace: (0003:0003) Compiling token
16/12/2022 09:44:19  Trace: (0003:0021) Compiling token
16/12/2022 09:44:19  Trace: (0003:0139) Compiling token
16/12/2022 09:44:19  Trace: (0003:0152) Compiling token
16/12/2022 09:44:19  Trace: (0005:0000) Compiling messageDialog
16/12/2022 09:44:19  Info: (0005:0000) Compiling dialog window: MSG_000_5_0
16/12/2022 09:44:19  Trace: (0005:0018) Compiling tokenText
16/12/2022 09:44:19  Trace: (0005:0027) Compiling tokenText
16/12/2022 09:44:19  Trace: (0006:0000) Compiling token
16/12/2022 09:44:19  Trace: (0006:0003) Compiling token
16/12/2022 09:44:19  Trace: (0006:0066) Compiling token
16/12/2022 09:44:19  Trace: (0006:0142) Compiling token
16/12/2022 09:44:19  Trace: (0006:0155) Compiling token
16/12/2022 09:44:19  Trace: (0008:0000) Compiling messageDialog
16/12/2022 09:44:19  Info: (0008:0000) Compiling dialog window: MSG_083_0_0
16/12/2022 09:44:19  Trace: (0008:0018) Compiling tokenText
16/12/2022 09:44:19  Trace: (0008:0027) Compiling tokenText
16/12/2022 09:44:19  Trace: (0009:0000) Compiling token
16/12/2022 09:44:19  Trace: (0009:0003) Compiling token
16/12/2022 09:44:19  Trace: (0009:0018) Compiling token
16/12/2022 09:44:19  Trace: (0009:0036) Compiling token
16/12/2022 09:44:19  Trace: (0009:0179) Compiling token
16/12/2022 09:44:19  Trace: (0009:0192) Compiling token
16/12/2022 09:44:19  Trace: (0010:0000) Compiling token
16/12/2022 09:44:19  Trace: (0010:0003) Compiling token
16/12/2022 09:44:19  Trace: (0010:0021) Compiling token
16/12/2022 09:44:19  Trace: (0010:0147) Compiling token
16/12/2022 09:44:19  Trace: (0010:0160) Compiling token
16/12/2022 09:44:19  Trace: (0012:0000) Compiling messageDialog
16/12/2022 09:44:19  Info: (0012:0000) Compiling dialog window: MSG_089_0_0
16/12/2022 09:44:19  Trace: (0012