16/12/2022 11:31:37  Trace: Arguments: E881_301.BMD.msg -Compile -OutFormat V1BE -Library P5R -Encoding P5R_EFIGS
16/12/2022 11:31:38  Info: Using P5R_EFIGS encoding
16/12/2022 11:31:38  Info: Output file path is set to E881_301.BMD.msg.bmd
16/12/2022 11:31:38  Info: Compiling MessageScript...
16/12/2022 11:31:38  Info: Parsing MessageScript source
16/12/2022 11:31:38  Info: Done parsing MessageScript source
16/12/2022 11:31:38  Info: (0001:0000) Compiling MessageScript compilation unit
16/12/2022 11:31:38  Trace: (0001:0000) Compiling compilationUnit
16/12/2022 11:31:38  Trace: (0001:0000) Compiling messageDialog
16/12/2022 11:31:38  Info: (0001:0000) Compiling dialog window: MND_000_0_0
16/12/2022 11:31:38  Trace: (0001:0017) Compiling tokenText
16/12/2022 11:31:38  Trace: (0002:0000) Compiling token
16/12/2022 11:31:38  Trace: (0002:0003) Compiling token
16/12/2022 11:31:38  Trace: (0002:0032) Compiling token
16/12/2022 11:31:38  Trace: (0002:0045) Compiling token
16/12/2022 11:31:38  Trace: (0003:0000) Compiling token
16/12/2022 11:31:38  Trace: (0003:0003) Compiling token
16/12/2022 11:31:38  Trace: (0003:0070) Compiling token
16/12/2022 11:31:38  Trace: (0003:0083) Compiling token
16/12/2022 11:31:38  Trace: (0005:0000) Compiling messageDialog
16/12/2022 11:31:38  Info: (0005:0000) Compiling dialog window: MND_001_0_0
16/12/2022 11:31:38  Trace: (0005:0017) Compiling tokenText
16/12/2022 11:31:38  Trace: (0006:0000) Compiling token
16/12/2022 11:31:38  Trace: (0006:0003) Compiling token
16/12/2022 11:31:38  Trace: (0006:0133) Compiling token
16/12/2022 11:31:38  Trace: (0006:0146) Compiling token
16/12/2022 11:31:38  Trace: (0007:0000) Compiling token
16/12/2022 11:31:38  Trace: (0007:0003) Compiling token
16/12/2022 11:31:38  Trace: (0007:0079) Compiling token
16/12/2022 11:31:38  Trace: (0007:0092) Compiling token
16/12/2022 11:31:38  Trace: (0009:0000) Compiling selectionDialog
16/12/2022 11:31:38  Info: (0009:0000) Compiling selection window: SEL_002_0_0
16/12/2022 11:31:38  Trace: (0009:0021) Compiling tokenText
16/12/2022 11:31:38  Trace: (0010:0000) Compiling token
16/12/2022 11:31:38  Trace: (0011:0000) Compiling token
16/12/2022 11:31:38  Trace: (0011:0035) Compiling token
16/12/2022 11:31:38  Trace: (0013:0000) Compiling messageDialog
16/12/2022 11:31:38  Info: (0013:0000) Compiling dialog window: MND_003_0_0
16/12/2022 11:31:38  Trace: (0013:0017) Compiling tokenText
16/12/2022 11:31:38  Trace: (0014:0000) Compiling token
16/12/2022 11:31:38  Trace: (0014:0003) Compiling token
16/12/2022 11:31:38  Trace: (0014:0085) Compiling token
16/12/2022 11:31:38  Trace: (0014:0098) Compiling token
16/12/2022 11:31:38  Trace: (0015:0000) Compiling token
16/12/2022 11:31:38  Trace: (0015:0003) Compiling token
16/12/2022 11:31:38  Trace: (0015:0133) Compiling token
16/12/2022 11:31:38  Trace: (0015:0146) Compiling token
16/12/2022 11:31:38  Trace: (0017:0000) Compiling messageDialog
16/12/2022 11:31:38  Info: (0017:0000) Compiling dialog window: MND_004_0_0
16/12/2022 11:31:38  Trace: (0017:0017) Compiling tokenText
16/12/2022 11:31:38  Trace: (0018:0000) Compiling token
16/12/2022 11:31:38  Trace: (0018:0003) Compiling token
16/12/2022 11:31:38  Trace: (0018:0102) Compiling token
16/12/2022 11:31:38  Trace: (0018:0115) Compiling token
16/12/2022 11:31:38  Trace: (0019:0000) Compiling token
16/12/2022 11:31:38  Trace: (0019:0003) Compiling token
16/12/2022 11:31:38  Trace: (0019:0100) Compiling token
16/12/2022 11:31:38  Trace: (0019:0113) Compiling token
16/12/2022 11:31:38  Trace: (0020:0000) Compiling token
16/12/2022 11:31:38  Trace: (0020:0003) Compiling token
16/12/2022 11:31:38  Trace: (0020:0023) Compiling token
16/12/2022 11:31:38  Trace: (0020:0105) Compiling token
16/12/2022 11:31:38  Trace: (0020:0118) Compiling token
16/12/2022 11:31:38  Trace: (0021:0000) Compiling token
16/12/2022 11:31:38  Trace: (0021:0003) Compiling token
16/12/2022 11:31:38  Trace: (0021:0060) Compiling token
16/12/2022 11:31:38  Trace: (0021:0073) Compiling token
16