16/12/2022 11:32:16  Trace: Arguments: E999_103.BMD.msg -Compile -OutFormat V1BE -Library P5R -Encoding P5R_EFIGS
16/12/2022 11:32:17  Info: Using P5R_EFIGS encoding
16/12/2022 11:32:17  Info: Output file path is set to E999_103.BMD.msg.bmd
16/12/2022 11:32:17  Info: Compiling MessageScript...
16/12/2022 11:32:17  Info: Parsing MessageScript source
16/12/2022 11:32:17  Info: Done parsing MessageScript source
16/12/2022 11:32:17  Info: (0001:0000) Compiling MessageScript compilation unit
16/12/2022 11:32:17  Trace: (0001:0000) Compiling compilationUnit
16/12/2022 11:32:17  Trace: (0001:0000) Compiling messageDialog
16/12/2022 11:32:17  Info: (0001:0000) Compiling dialog window: MSG_000_0_0
16/12/2022 11:32:17  Trace: (0001:0018) Compiling tokenText
16/12/2022 11:32:17  Trace: (0001:0027) Compiling tokenText
16/12/2022 11:32:17  Trace: (0002:0000) Compiling token
16/12/2022 11:32:17  Trace: (0002:0003) Compiling token
16/12/2022 11:32:17  Trace: (0002:0048) Compiling token
16/12/2022 11:32:17  Trace: (0002:0061) Compiling token
16/12/2022 11:32:17  Trace: (0003:0000) Compiling token
16/12/2022 11:32:17  Trace: (0003:0003) Compiling token
16/12/2022 11:32:17  Trace: (0003:0065) Compiling token
16/12/2022 11:32:17  Trace: (0003:0078) Compiling token
16/12/2022 11:32:17  Trace: (0005:0000) Compiling messageDialog
16/12/2022 11:32:17  Info: (0005:0000) Compiling dialog window: MSG_001_0_0
16/12/2022 11:32:17  Trace: (0005:0018) Compiling tokenText
16/12/2022 11:32:17  Trace: (0005:0028) Compiling tokenText
16/12/2022 11:32:17  Trace: (0006:0000) Compiling token
16/12/2022 11:32:17  Trace: (0006:0003) Compiling token
16/12/2022 11:32:17  Trace: (0006:0059) Compiling token
16/12/2022 11:32:17  Trace: (0006:0072) Compiling token
16/12/2022 11:32:17  Trace: (0008:0000) Compiling messageDialog
16/12/2022 11:32:17  Info: (0008:0000) Compiling dialog window: MSG_002_0_0
16/12/2022 11:32:17  Trace: (0008:0018) Compiling tokenText
16/12/2022 11:32:17  Trace: (0008:0027) Compiling tokenText
16/12/2022 11:32:17  Trace: (0009:0000) Compiling token
16/12/2022 11:32:17  Trace: (0009:0003) Compiling token
16/12/2022 11:32:17  Trace: (0009:0038) Compiling token
16/12/2022 11:32:17  Trace: (0009:0051) Compiling token
16/12/2022 11:32:17  Trace: (0010:0000) Compiling token
16/12/2022 11:32:17  Trace: (0010:0003) Compiling token
16/12/2022 11:32:17  Trace: (0010:0064) Compiling token
16/12/2022 11:32:17  Trace: (0010:0077) Compiling token
16/12/2022 11:32:17  Trace: (0012:0000) Compiling messageDialog
16/12/2022 11:32:17  Info: (0012:0000) Compiling dialog window: MSG_003_0_0
16/12/2022 11:32:17  Trace: (0012:0018) Compiling tokenText
16/12/2022 11:32:17  Trace: (0012:0028) Compiling tokenText
16/12/2022 11:32:17  Trace: (0013:0000) Compiling token
16/12/2022 11:32:17  Trace: (0013:0003) Compiling token
16/12/2022 11:32:17  Trace: (0013:0044) Compiling token
16/12/2022 11:32:17  Trace: (0013:0057) Compiling token
16/12/2022 11:32:17  Trace: (0015:0000) Compiling messageDialog
16/12/2022 11:32:17  Info: (0015:0000) Compiling dialog window: MSG_004_0_0
16/12/2022 11:32:17  Trace: (0015:0018) Compiling tokenText
16/12/2022 11:32:17  Trace: (0015:0027) Compiling tokenText
16/12/2022 11:32:17  Trace: (0016:0000) Compiling token
16/12/2022 11:32:17  Trace: (0016:0003) Compiling token
16/12/2022 11:32:17  Trace: (0016:0058) Compiling token
16/12/2022 11:32:17  Trace: (0016:0071) Compiling token
16/12/2022 11:32:17  Trace: (0018:0000) Compiling messageDialog
16/12/2022 11:32:17  Info: (0018:0000) Compiling dialog window: MSG_005_0_0
16/12/2022 11:32:17  Trace: (0018:0018) Compiling tokenText
16/12/2022 11:32:17  Trace: (0018:0028) Compiling tokenText
16/12/2022 11:32:17  Trace: (0019:0000) Compiling token
16/12/2022 11:32:17  Trace: (0019:0003) Compiling token
16/12/2022 11:32:17  Trace: (0019:0058) Compiling token
16/12/2022 11:32:17  Trace: (0019:0071) Compiling token
16/12/2022 11:32:17  Trace: (0020:0000) Compiling token
16/12/2022 11:32:17  Trace: (0020:0003) Compiling token
16/12/2022 11:32:17  Trace: (0020:0062) Compiling token
16/12/2022 11:32:17  Trace: (0020:0075) Compiling token
16/12/2022 11:32:17  Trace: (0022:0000) Compiling messageDialog
16/12/2022 11:32:17  Info: (0022:0000) Compiling dialog window: MSG_006_0_0
16/12/2022 11:32:17  Trace: (0022:0018) Compiling tokenText
16/12/2022 11:32:17  Trace: (0022:0026) Compiling tokenText
16/12/2022 11:32:17  Trace: (0023:0000) Compiling token
16/12/2022 11:32:17  Trace: (0023:0003) Compiling token
16/12/2022 11:32:17  Trace: (0023:0046) Compiling token
16/12/2022 11:32:17  Trace: (0023:0059) Compiling token
16/12/2022 11:32:17  Trace: (0024:0000) Compiling token
16/12/2022 11:32:17  Trace: (0024:0003) Compiling token
16/12/2022 11:32:17  Trace: (0024:0061) Compiling token
16/12/2022 11:32:17  Trace: (0024:0074) Compiling token
16/12/2022 11:32:17  Trace: (0026:0000) Compiling messageDialog
16/12/2022 11:32:17  Info: (0026:0000) Compiling dialog window: MSG_007_0_0
16/12/2022 11:32:17  Trace: (0026:0018) Compiling tokenText
16/12/2022 11:32:17  Trace: (0026:0028) Compiling tokenText
16/12/2022 11:32:17  Trace: (0027:0000) Compiling token
16/12/2022 11:32:17  Trace: (0027:0003) Compiling token
16/12/2022 11:32:17  Trace: (0027:0060) Compiling token
16/12/2022 11:32:17  Trace: (0027:0073) Compiling token
16/12/2022 11:32:17  Trace: (0028:0000) Compiling token
16/12/2022 11:32:17  Trace: (0028:0003) Compiling token
16/12/2022 11:32:17  Trace: (0028:0038) Compiling token
16/12/2022 11:32:17  Trace: (0028:0051) Compiling token
16/12/2022 11:32:17  Trace: (0030:0000) Compiling messageDialog
16/12/2022 11:32:17  Info: (0030:0000) Compiling dialog window: MSG_008_0_0
16/12/2022 11:32:17  Trace: (0030:0018) Compiling tokenText
16/12/2022 11:32:17  Trace: (0030:0026) Compiling tokenText
16/12/2022 11:32:17  Trace: (0031:0000) Compiling token
16/12/2022 11:32:17  Trace: (0031:0003) Compiling token
16/12/2022 11:32:17  Trace: (0031:0066) Compiling token
16/12/2022 11:32:17  Trace: (0031:0079) Compiling token
16/12/2022 11:32:17  Trace: (0033:0000) Compiling messageDialog
16/12/2022 11:32:17  Info: (0033:0000) Compiling dialog window: MSG_009_0_0
16/12/2022 11:32:17  Trace: (0033:0018) Compiling tokenText
16/12/2022 11:32:17  Trace: (0033:0026) Compiling tokenText
16/12/2022 11:32:17  Trace: (0034:0000) Compiling token
16/12/2022 11:32:17  Trace: (0034:0003) Compiling token
16/12/2022 11:32:17  Trace: (0034:0060) Compiling token
16/12/2022 11:32:17  Trace: (0034:0073) Compiling token
16/12/2022 11:32:17  Trace: (0036:0000) Compiling messageDialog
16/12/2022 11:32:17  Info: (0036:0000) Compiling dialog window: MSG_010_0_0
16/12/2022 11:32:17  Trace: (0036:0018) Compiling tokenText
16/12/2022 11:32:17  Trace: (0036:0027) Compiling tokenText
16/12/2022 11:32:17  Trace: (0037:0000) Compiling token
16/12/2022 11:32:17  Trace: (0037:0003) Compiling token
16/12/2022 11:32:17  Trace: (0037:0054) Compiling token
16/12/2022 11:32:17  Trace: (0037:0067) Compiling token
16/12/2022 11:32:17  Trace: (0038:0000) Compiling token
16/12/2022 11:32:17  Trace: (0038:0003) Compiling token
16/12/2022 11:32:17  Trace: (0038:0049) Compiling token
16/12/2022 11:32:17  Trace: (0038:0062) Compiling token
16/12/2022 11:32:17  Trace: (0040:0000) Compiling messageDialog
16/12/2022 11:32:17  Info: (0040:0000) Compiling dialog window: MSG_011_0_0
16/12/2022 11:32:17  Trace: (0040:0018) Compiling tokenText
16/12/2022 11:32:17  Trace: (0040:0026) Compiling tokenText
16/12/2022 11:32:17  Trace: (0041:0000) Compiling token
16/12/2022 11:32:17  Trace: (0041:0003) Compiling token
16/12/2022 11:32:17  Trace: (0041:0046) Compiling token
16/12/2022 11:32:17  Trace: (0041:0059) Compiling token
16/12/2022 11:32:17  Trace: (0042:0000) Compiling token
16/12/2022 11:32:17  Trace: (0042:0003) Compiling token
16/12/2022 11:32:17  Trace: (0042:0023) Compiling token
16/12/2022 11:32:17  Trace: (0042:0051) Compiling token
16/12/2022 11:32:17  Trace: (0042:0064) Compiling token
16/12/2022 11:32:17  Trace: (0043:0000) Compiling token
16/12/2022 11:32:17  Trace: (0043:0033) Compiling token
16/12/2022 11:32:17  Trace: (0043:0046) Compiling token
16/12/2022 11:32:17  Trace: (0045:0000) Compiling messageDialog
16/12/2022 11:32:17  Info: (0045:0000) Compiling dialog window: MSG_012_0_0
16/12/2022 11:32:17  Trace: (0045:0018) Compiling tokenText
16/12/2022 11:32:17  Trace: (0045:0028) Compiling tokenText
16/12/2022 11:32:17  Trace: (0046:0000) Compiling token
16/12/2022 11:32:17  Trace: (0046:0003) Compiling token
16/12/2022 11:32:17  Trace: (0046:0064) Compiling token
16/12/2022 11:32:17  Trace: (0046:0077) Compiling token
16/12/2022 11:32:17  Trace: (0048:0000) Compiling messageDialog
16/12/2022 11:32:17  Info: (0048:0000) Compiling dialog window: MSG_013_0_0
16/12/2022 11:32:17  Trace: (0048:0018) Compiling tokenText
16/12/2022 11:32:17  Trace: (0048:0029) Compiling tokenText
16/12/2022 11:32:17  Trace: (0049:0000) Compiling token
16/12/2022 11:32:17  Trace: (0049:0003) Compiling token
16/12/2022 11:32:17  Trace: (0049:0062) Compiling token
16/12/2022 11:32:17  Trace: (0049:0075) Compiling token
16/12/2022 11:32:17  Trace: (0051:0000) Compiling messageDialog
16/12/2022 11:32:17  Info: (0051:0000) Compiling dialog window: MSG_014_0_0
16/12/2022 11:32:17  Trace: (0051:0018) Compiling tokenText
16/12/2022 11:32:17  Trace: (0051:0028) Compiling tokenText
16/12/2022 11:32:17  Trace: (0052:0000) Compiling token
16/12/2022 11:32:17  Trace: (0052:0003) Compiling token
16/12/2022 11:32:17  Trace: (0052:0060) Compiling token
16/12/2022 11:32:17  Trace: (0052:0073) Compiling token
16/12/2022 11:32:17  Trace: (0053:0000) Compiling token
16/12/2022 11:32:17  Trace: (0053:0003) Compiling token
16/12/2022 11:32:17  Trace: (0053:0058) Compiling token
16/12/2022 11:32:17  Trace: (0053:0071) Compiling token
16/12/2022 11:32:17  Trace: (0055:0000) Compiling messageDialog
16/12/2022 11:32:17  Info: (0055:0000) Compiling dialog window: MSG_015_0_0
16/12/2022 11:32:17  Trace: (0055:0018) Compiling tokenText
16/12/2022 11:32:17  Trace: (0055:0027) Compiling tokenText
16/12/2022 11:32:17  Trace: (0056:0000) Compiling token
16/12/2022 11:32:17  Trace: (0056:0003) Compiling token
16/12/2022 11:32:17  Trace: (0056:0054) Compiling token
16/12/2022 11:32:17  Trace: (0056:0067) Compiling token
16/12/2022 11:32:17  Trace: (0057:0000) Compiling token
16/12/2022 11:32:17  Trace: (0057:0003) Compiling token
16/12/2022 11:32:17  Trace: (0057:0055) Compiling token
16/12/2022 11:32:17  Trace: (0057:0068) Compiling token
16/12/2022 11:32:17  Trace: (0059:0000) Compiling messageDialog
16/12/2022 11:32:17  Info: (0059:0000) Compiling dialog window: MSG_016_0_0
16/12/2022 11:32:17  Trace: (0059:0018) Compiling tokenText
16/12/2022 11:32:17  Trace: (0059:0026) Compiling tokenText
16/12/2022 11:32:17  Trace: (0060:0000) Compiling token
16/12/2022 11:32:17  Trace: (0060:0003) Compiling token
16/12/2022 11:32:17  Trace: (0060:0063) Compiling token
16/12/2022 11:32:17  Trace: (0060:0076) Compiling token
16/12/2022 11:32:17  Trace: (0061:0000) Compiling token
16/12/2022 11:32:17  Trace: (0061:0003) Compiling token
16/12/2022 11:32:17  Trace: (0061:0060) Compiling token
16/12/2022 11:32:17  Trace: (0061:0073) Compiling token
16/12/2022 11:32:17  Trace: (0063:0000) Compiling messageDialog
16/12/2022 11:32:17  Info: (0063:0000) Compiling dialog window: MSG_017_0_0
16/12/2022 11:32:17  Trace: (0063:0018) Compiling tokenText
16/12/2022 11:32:17  Trace: (0063:0027) Compiling tokenText
16/12/2022 11:32:17  Trace: (0064:0000) Compiling token
16/12/2022 11:32:17  Trace: (0064:0003) Compiling token
16/12/2022 11:32:17  Trace: (0064:0067) Compiling token
16/12/2022 11:32:17  Trace: (0064:0080) Compiling token
16/12/2022 11:32:17  Trace: (0066:0000) Compiling messageDialog
16/12/2022 11:32:17  Info: (0066:0000) Compiling dialog window: MSG_018_0_0
16/12/2022 11:32:17  Trace: (0066:0018) Compiling tokenText
16/12/2022 11:32:17  Trace: (0066:0025) Compiling tokenText
16/12/2022 11:32:17  Trace: (0067:0000) Compiling token
16/12/2022 11:32:17  Trace: (0067:0003) Compiling token
16/12/2022 11:32:17  Trace: (0067:0061) Compiling token
16/12/2022 11:32:17  Trace: (0067:0074) Compiling token
16/12/2022 11:32:17  Trace: (0069:0000) Compiling messageDialog
16/12/2022 11:32:17  Info: (0069:0000) Compiling dialog window: MSG_019_0_0
16/12/2022 11:32:17  Trace: (0069:0018) Compiling tokenText
16/12/2022 11:32:17  Trace: (0069:0027) Compiling tokenText
16/12/2022 11:32:17  Trace: (0070:0000) Compiling token
16/12/2022 11:32:17  Trace: (0070:0003) Compiling token
16/12/2022 11:32:17  Trace: (0070:0055) Compiling token
16/12/2022 11:32:17  Trace: (0070:0068) Compiling token
16/12/2022 11:32:17  Trace: (0071:0000) Compiling token
16/12/2022 11:32:17  Trace: (0071:0003) Compiling token
16/12/2022 11:32:17  Trace: (0071:0045) Compiling token
16/12/2022 11:32:17  Trace: (0071:0058) Compiling token
16/12/2022 11:32:17  Trace: (0073:0000) Compiling messageDialog
16/12/2022 11:32:17  Info: (0073:0000) Compiling dialog window: MSG_020_0_0
16/12/2022 11:32:17  Trace: (0073:0018) Compiling tokenText
16/12/2022 11:32:17  Trace: (0073:0025) Compiling tokenText
16/12/2022 11:32:17  Trace: (0074:0000) Compiling token
16/12/2022 11:32:17  Trace: (0074:0003) Compiling token
16/12/2022 11:32:17  Trace: (0074:0047) Compiling token
16/12/2022 11:32:17  Trace: (0074:0060) Compiling token
16/12/2022 11:32:17  Trace: (0075:0000) Compiling token
16/12/2022 11:32:17  Trace: (0075:0003) Compiling token
16/12/2022 11:32:17  Trace: (0075:0059) Compiling token
16/12/2022 11:32:17  Trace: (0075:0072) Compiling token
16/12/2022 11:32:17  Trace: (0077:0000) Compiling messageDialog
16/12/2022 11:32:17  Info: (0077:0000) Compiling dialog window: MSG_021_0_0
16/12/2022 11:32:17  Trace: (0077:0018) Compiling tokenText
16/12/2022 11:32:17  Trace: (0077:0027) Compiling tokenText
16/12/2022 11:32:17  Trace: (0078:0000) Compiling token
16/12/2022 11:32:17  Trace: (0078:0003) Compiling token
16/12/2022 11:32:17  Trace: (0078:0062) Compiling token
16/12/2022 11:32:17  Trace: (0078:0075) Compiling token
16/12/2022 11:32:17  Trace: (0079:0000) Compiling token
16/12/2022 11:32:17  Trace: (0079:0003) Compiling token
16/12/2022 11:32:17  Trace: (0079:0059) Compiling token
16/12/2022 11:32:17  Trace: (0079:0072) Compiling token
16/12/2022 11:32:17  Trace: (0081:0000) Compiling messageDialog
16/12/2022 11:32:17  Info: (0081:0000) Compiling dialog window: MSG_022_0_0
16/12/2022 11:32:17  Trace: (0081:0018) Compiling tokenText
16/12/2022 11:32:17  Trace: (0081:0027) Compiling tokenText
16/12/2022 11:32:17  Trace: (0082:0000) Compiling token
16/12/2022 11:32:17  Trace: (0082:0003) Compiling token
16/12/2022 11:32:17  Trace: (0082:0062) Compiling token
16/12/2022 11:32:17  Trace: (0082:0075) Compiling token
16/12/2022 11:32:17  Trace: (0083:0000) Compiling token
16/12/2022 11:32:17  Trace: (0083:0003) Compiling token
16/12/2022 11:32:17  Trace: (0083:0066) Compiling token
16/12/2022 11:32:17  Trace: (0083:0079) Compiling token
16/12/2022 11:32:17  Trace: (0085:0000) Compiling messageDialog
16/12/2022 11:32:17  Info: (0085:0000) Compiling dialog window: MSG_023_0_0
16/12/2022 11:32:17  Trace: (0085:0018) Compiling tokenText
16/12/2022 11:32:17  Trace: (0085:0027) Compiling tokenText
16/12/2022 11:32:17  Trace: (0086:0000) Compiling token
16/12/2022 11:32:17  Trace: (0086:0003) Compiling token
16/12/2022 11:32:17  Trace: (0086:0053) Compiling token
16/12/2022 11:32:17  Trace: (0086:0066) Compiling token
16/12/2022 11:32:17  Trace: (0087:0000) Compiling token
16/12/2022 11:32:17  Trace: (0087:0003) Compiling token
16/12/2022 11:32:17  Trace: (0087:0032) Compiling token
16/12/2022 11:32:17  Trace: (0087:0042) Compiling token
16/12/2022 11:32:17  Trace: (0087:0080) Compiling token
16/12/2022 11:32:17  Trace: (0087:0093) Compiling token
16/12/2022 11:32:17  Trace: (0089:0000) Compiling messageDialog
16/12/2022 11:32:17  Info: (0089:0000) Compiling dialog window: MSG_024_0_0
16/12/2022 11:32:17  Trace: (0089:0018) Compiling tokenText
16/12/2022 11:32:17  Trace: (0089:0027) Compiling tokenText
16/12/2022 11:32:17  Trace: (0090:0000) Compiling token
16/12/2022 11:32:17  Trace: (0090:0003) Compiling token
16/12/2022 11:32:17  Trace: (0090:0060) Compiling token
16/12/2022 11:32:17  Trace: (0090:0073) Compiling token
16/12/2022 11:32:17  Trace: (0091:0000) Compiling token
16/12/2022 11:32:17  Trace: (0091:0003) Compiling token
16/12/2022 11:32:17  Trace: (0091:0035) Compiling token
16/12/2022 11:32:17  Trace: (0091:0048) Compiling token
16/12/2022 11:32:17  Trace: (0093:0000) Compiling messageDialog
16/12/2022 11:32:17  Info: (0093:0000) Compiling dialog window: MSG_025_0_0
16/12/2022 11:32:17  Trace: (0093:0018) Compiling tokenText
16/12/2022 11:32:17  Trace: (0093:0028) Compiling tokenText
16/12/2022 11:32:17  Trace: (0094:0000) Compiling token
16/12/2022 11:32:17  Trace: (0094:0003) Compiling token
16/12/2022 11:32:17  Trace: (0094:0023) Compiling token
16/12/2022 11:32:17  Trace: (0094:0036) Compiling token
16/12/2022 11:32:17  Trace: (0094:0050) Compiling token
16/12/2022 11:32:17  Trace: (0094:0063) Compiling token
16/12/2022 11:32:17  Trace: (0095:0000) Compiling token
16/12/2022 11:32:17  Trace: (0095:0003) Compiling token
16/12/2022 11:32:17  Trace: (0095:0060) Compiling token
16/12/2022 11:32:17  Trace: (0095:0073) Compiling token
16/12/2022 11:32:17  Trace: (0097:0000) Compiling messageDialog
16/12/2022 11:32:17  Info: (0097:0000) Compiling dialog window: MSG_026_0_0
16/12/2022 11:32:17  Trace: (0097:0018) Compiling tokenText
16/12/2022 11:32:17  Trace: (0097:0027) Compiling tokenText
16/12/2022 11:32:17  Trace: (0098:0000) Compiling token
16/12/2022 11:32:17  Trace: (0098:0003) Compiling token
16/12/2022 11:32:17  Trace: (0098:0054) Compiling token
16/12/2022 11:32:17  Trace: (0098:0067) Compiling token
16/12/2022 11:32:17  Trace: (0100:0000) Compiling messageDialog
16/12/2022 11:32:17  Info: (0100:0000) Compiling dialog window: MSG_027_0_0
16/12/2022 11:32:17  Trace: (0100:0018) Compiling tokenText
16/12/2022 11:32:17  Trace: (0100:0024) Compiling tokenText
16/12/2022 11:32:17  Trace: (0101:0000) Compiling token
16/12/2022 11:32:17  Trace: (0101:0003) Compiling token
16/12/2022 11:32:17  Trace: (0101:0051) Compiling token
16/12/2022 11:32:17  Trace: (0101:0064) Compiling token
16/12/2022 11:32:17  Trace: (0102:0000) Compiling token
16/12/2022 11:32:17  Trace: (0102:0003) Compiling token
16/12/2022 11:32:17  Trace: (0102:0054) Compiling token
16/12/2022 11:32:17  Trace: (0102:0067) Compiling token
16/12/2022 11:32:17  Trace: (0104:0000) Compiling messageDialog
16/12/2022 11:32:17  Info: (0104:0000) Compiling dialog window: MSG_028_0_0
16/12/2022 11:32:17  Trace: (0104:0018) Compiling tokenText
16/12/2022 11:32:17  Trace: (0104:0026) Compiling tokenText
16/12/2022 11:32:17  Trace: (0105:0000) Compiling token
16/12/2022 11:32:17  Trace: (0105:0003) Compiling token
16/12/2022 11:32:17  Trace: (0105:0058) Compiling token
16/12/2022 11:32:17  Trace: (0105:0071) Compiling token
16/12/2022 11:32:17  Trace: (0106:0000) Compiling token
16/12/2022 11:32:17  Trace: (0106:0003) Compiling token
16/12/2022 11:32:17  Trace: (0106:0065) Compiling token
16/12/2022 11:32:17  Trace: (0106:0078) Compiling token
16/12/2022 11:32:17  Trace: (0107:0000) Compiling token
16/12/2022 11:32:17  Trace: (0107:0003) Compiling token
16/12/2022 11:32:17  Trace: (0107:0064) Compiling token
16/12/2022 11:32:17  Trace: (0107:0077) Compiling token
16/12/2022 11:32:17  Trace: (0109:0000) Compiling messageDialog
16/12/2022 11:32:17  Info: (0109:0000) Compiling dialog window: MSG_029_0_0
16/12/2022 11:32:17  Trace: (0109:0018) Compiling tokenText
16/12/2022 11:32:17  Trace: (0109:0024) Compiling tokenText
16/12/2022 11:32:17  Trace: (0110:0000) Compiling token
16/12/2022 11:32:17  Trace: (0110:0003) Compiling token
16/12/2022 11:32:17  Trace: (0110:0050) Compiling token
16/12/2022 11:32:17  Trace: (0110:0063) Compiling token
16/12/2022 11:32:17  Trace: (0111:0000) Compiling token
16/12/2022 11:32:17  Trace: (0111:0003) Compiling token
16/12/2022 11:32:17  Trace: (0111:0041) Compiling token
16/12/2022 11:32:17  Trace: (0111:0054) Compiling token
16/12/2022 11:32:17  Trace: (0113:0000) Compiling messageDialog
16/12/2022 11:32:17  Info: (0113:0000) Compiling dialog window: MSG_030_0_0
16/12/2022 11:32:17  Trace: (0113:0018) Compiling tokenText
16/12/2022 11:32:17  Trace: (0113:0027) Compiling tokenText
16/12/2022 11:32:17  Trace: (0114:0000) Compiling token
16/12/2022 11:32:17  Trace: (0114:0003) Compiling token
16/12/2022 11:32:17  Trace: (0114:0041) Compiling token
16/12/2022 11:32:17  Trace: (0114:0054) Compiling token
16/12/2022 11:32:17  Trace: (0116:0000) Compiling messageDialog
16/12/2022 11:32:17  Info: (0116:0000) Compiling dialog window: MSG_031_0_0
16/12/2022 11:32:17  Trace: (0116:0018) Compiling tokenText
16/12/2022 11:32:17  Trace: (0116:0024) Compiling tokenText
16/12/2022 11:32:17  Trace: (0117:0000) Compiling token
16/12/2022 11:32:17  Trace: (0117:0003) Compiling token
16/12/2022 11:32:17  Trace: (0117:0044) Compiling token
16/12/2022 11:32:17  Trace: (0117:0057) Compiling token
16/12/2022 11:32:17  Trace: (0119:0000) Compiling messageDialog
16/12/2022 11:32:17  Info: (0119:0000) Compiling dialog window: MSG_032_0_0
16/12/2022 11:32:17  Trace: (0119:0018) Compiling tokenText
16/12/2022 11:32:17  Trace: (0119:0027) Compiling tokenText
16/12/2022 11:32:17  Trace: (0120:0000) Compiling token
16/12/2022 11:32:17  Trace: (0120:0003) Compiling token
16/12/2022 11:32:17  Trace: (0120:0045) Compiling token
16/12/2022 11:32:17  Trace: (0120:0058) Compiling token
16/12/2022 11:32:17  Trace: (0121:0000) Compiling token
16/12/2022 11:32:17  Trace: (0121:0003) Compiling token
16/12/2022 11:32:17  Trace: (0121:0023) Compiling token
16/12/2022 11:32:17  Trace: (0121:0039) Compiling token
16/12/2022 11:32:17  Trace: (0121:0051) Compiling token
16/12/2022 11:32:17  Trace: (0121:0064) Compiling token
16/12/2022 11:32:17  Trace: (0122:0000) Compiling token
16/12/2022 11:32:17  Trace: (0122:0003) Compiling token
16/12/2022 11:32:17  Trace: (0122:0056) Compiling token
16/12/2022 11:32:17  Trace: (0122:0069) Compiling token
16/12/2022 11:32:17  Trace: (0124:0000) Compiling messageDialog
16/12/2022 11:32:17  Info: (0124:0000) Compiling dialog window: MSG_033_0_0
16/12/2022 11:32:17  Trace: (0124:0018) Compiling tokenText
16/12/2022 11:32:17  Trace: (0124:0027) Compiling tokenText
16/12/2022 11:32:17  Trace: (0125:0000) Compiling token
16/12/2022 11:32:17  Trace: (0125:0003) Compiling token
16/12/2022 11:32:17  Trace: (0125:0051) Compiling token
16/12/2022 11:32:17  Trace: (0125:0064) Compiling token
16/12/2022 11:32:17  Trace: (0127:0000) Compiling messageDialog
16/12/2022 11:32:17  Info: (0127:0000) Compiling dialog window: MSG_034_0_0
16/12/2022 11:32:17  Trace: (0127:0018) Compiling tokenText
16/12/2022 11:32:17  Trace: (0127:0027) Compiling tokenText
16/12/2022 11:32:17  Trace: (0128:0000) Compiling token
16/12/2022 11:32:17  Trace: (0128:0003) Compiling token
16/12/2022 11:32:17  Trace: (0128:0051) Compiling token
16/12/2022 11:32:17  Trace: (0128:0064) Compiling token
16/12/2022 11:32:17  Trace: (0129:0000) Compiling token
16/12/2022 11:32:17  Trace: (0129:0003) Compiling token
16/12/2022 11:32:17  Trace: (0129:0053) Compiling token
16/12/2022 11:32:17  Trace: (0129:0066) Compiling token
16/12/2022 11:32:17  Trace: (0130:0000) Compiling token
16/12/2022 11:32:17  Trace: (0130:0003) Compiling token
16/12/2022 11:32:17  Trace: (0130:0045) Compiling token
16/12/2022 11:32:17  Trace: (0130:0058) Compiling token
16/12/2022 11:32:17  Trace: (0132:0000) Compiling messageDialog
16/12/2022 11:32:17  Info: (0132:0000) Compiling dialog window: MSG_035_0_0
16/12/2022 11:32:17  Trace: (0132:0018) Compiling tokenText
16/12/2022 11:32:17  Trace: (0132:0027) Compiling tokenText
16/12/2022 11:32:17  Trace: (0133:0000) Compiling token
16/12/2022 11:32:17  Trace: (0133:0003) Compiling token
16/12/2022 11:32:17  Trace: (0133:0051) Compiling token
16/12/2022 11:32:17  Trace: (0133:0064) Compiling token
16/12/2022 11:32:17  Trace: (0134:0000) Compiling token
16/12/2022 11:32:17  Trace: (0134:0003) Compiling token
16/12/2022 11:32:17  Trace: (0134:0061) Compiling token
16/12/2022 11:32:17  Trace: (0134:0074) Compiling token
16/12/2022 11:32:17  Trace: (0136:0000) Compiling messageDialog
16/12/2022 11:32:17  Info: (0136:0000) Compiling dialog window: MSG_036_0_0
16/12/2022 11:32:17  Trace: (0136:0018) Compiling tokenText
16/12/2022 11:32:17  Trace: (0136:0026) Compiling tokenText
16/12/2022 11:32:17  Trace: (0137:0000) Compiling token
16/12/2022 11:32:17  Trace: (0137:0003) Compiling token
16/12/2022 11:32:17  Trace: (0137:0043) Compiling token
16/12/2022 11:32:17  Trace: (0137:0056) Compiling token
16/12/2022 11:32:17  Trace: (0139:0000) Compiling messageDialog
16/12/2022 11:32:17  Info: (0139:0000) Compiling dialog window: MSG_037_0_0
16/12/2022 11:32:17  Trace: (0139:0018) Compiling tokenText
16/12/2022 11:32:17  Trace: (0139:0027) Compiling tokenText
16/12/2022 11:32:17  Trace: (0140:0000) Compiling token
16/12/2022 11:32:17  Trace: (0140:0003) Compiling token
16/12/2022 11:32:17  Trace: (0140:0056) Compiling token
16/12/2022 11:32:17  Trace: (0140:0069) Compiling token
16/12/2022 11:32:17  Trace: (0142:0000) Compiling messageDialog
16/12/2022 11:32:17  Info: (0142:0000) Compiling dialog window: MSG_038_0_0
16/12/2022 11:32:17  Trace: (0142:0018) Compiling tokenText
16/12/2022 11:32:17  Trace: (0142:0026) Compiling tokenText
16/12/2022 11:32:17  Trace: (0143:0000) Compiling token
16/12/2022 11:32:17  Trace: (0143:0003) Compiling token
16/12/2022 11:32:17  Trace: (0143:0067) Compiling token
16/12/2022 11:32:17  Trace: (0143:0080) Compiling token
16/12/2022 11:32:17  Trace: (0144:0000) Compiling token
16/12/2022 11:32:17  Trace: (0144:0003) Compiling token
16/12/2022 11:32:17  Trace: (0144:0060) Compiling token
16/12/2022 11:32:17  Trace: (0144:0073) Compiling token
16/12/2022 11:32:17  Trace: (0146:0000) Compiling messageDialog
16/12/2022 11:32:17  Info: (0146:0000) Compiling dialog window: MSG_039_0_0
16/12/2022 11:32:17  Trace: (0146:0018) Compiling tokenText
16/12/2022 11:32:17  Trace: (0146:0028) Compiling tokenText
16/12/2022 11:32:17  Trace: (0147:0000) Compiling token
16/12/2022 11:32:17  Trace: (0147:0003) Compiling token
16/12/2022 11:32:17  Trace: (0147:0052) Compiling token
16/12/2022 11:32:17  Trace: (0147:0065) Compiling token
16/12/2022 11:32:17  Trace: (0149:0000) Compiling messageDialog
16/12/2022 11:32:17  Info: (0149:0000) Compiling dialog window: MSG_040_0_0
16/12/2022 11:32:17  Trace: (0149:0018) Compiling tokenText
16/12/2022 11:32:17  Trace: (0149:0026) Compiling tokenText
16/12/2022 11:32:17  Trace: (0150:0000) Compiling token
16/12/2022 11:32:17  Trace: (0150:0003) Compiling token
16/12/2022 11:32:17  Trace: (0150:0042) Compiling token
16/12/2022 11:32:17  Trace: (0150:0055) Compiling token
16/12/2022 11:32:17  Trace: (0151:0000) Compiling token
16/12/2022 11:32:17  Trace: (0151:0003) Compiling token
16/12/2022 11:32:17  Trace: (0151:0058) Compiling token
16/12/2022 11:32:17  Trace: (0151:0071) Compiling token
16/12/2022 11:32:17  Trace: (0152:0000) Compiling token
16/12/2022 11:32:17  Trace: (0152:0003) Compiling token
16/12/2022 11:32:17  Trace: (0152:0058) Compiling token
16/12/2022 11:32:17  Trace: (0152:0071) Compiling token
16/12/2022 11:32:17  Trace: (0154:0000) Compiling messageDialog
16/12/2022 11:32:17  Info: (0154:0000) Compiling dialog window: MSG_041_0_0
16/12/2022 11:32:17  Trace: (0154:0018) Compiling tokenText
16/12/2022 11:32:17  Trace: (0154:0028) Compiling tokenText
16/12/2022 11:32:17  Trace: (0155:0000) Compiling token
16/12/2022 11:32:17  Trace: (0155:0003) Compiling token
16/12/2022 11:32:17  Trace: (0155:0061) Compiling token
16/12/2022 11:32:17  Trace: (0155:0074) Compiling token
16/12/2022 11:32:17  Trace: (0156:0000) Compiling token
16/12/2022 11:32:17  Trace: (0156:0003) Compiling token
16/12/2022 11:32:17  Trace: (0156:0054) Compiling token
16/12/2022 11:32:17  Trace: (0156:0067) Compiling token
16/12/2022 11:32:17  Trace: (0158:0000) Compiling messageDialog
16/12/2022 11:32:17  Info: (0158:0000) Compiling dialog window: MSG_042_0_0
16/12/2022 11:32:17  Trace: (0158:0018) Compiling tokenText
16/12/2022 11:32:17  Trace: (0158:0026) Compiling tokenText
16/12/2022 11:32:17  Trace: (0159:0000) Compiling token
16/12/2022 11:32:17  Trace: (0159:0003) Compiling token
16/12/2022 11:32:17  Trace: (0159:0043) Compiling token
16/12/2022 11:32:17  Trace: (0159:0056) Compiling token
16/12/2022 11:32:17  Trace: (0161:0000) Compiling messageDialog
16/12/2022 11:32:17  Info: (0161:0000) Compiling dialog window: MSG_043_0_0
16/12/2022 11:32:17  Trace: (0161:0018) Compiling tokenText
16/12/2022 11:32:17  Trace: (0161:0027) Compiling tokenText
16/12/2022 11:32:17  Trace: (0162:0000) Compiling token
16/12/2022 11:32:17  Trace: (0162:0003) Compiling token
16/12/2022 11:32:17  Trace: (0162:0064) Compiling token
16/12/2022 11:32:17  Trace: (0162:0077) Compiling token
16/12/2022 11:32:17  Trace: (0164:0000) Compiling messageDialog
16/12/2022 11:32:17  Info: (0164:0000) Compiling dialog window: MSG_044_0_0
16/12/2022 11:32:17  Trace: (0164:0018) Compiling tokenText
16/12/2022 11:32:17  Trace: (0164:0026) Compiling tokenText
16/12/2022 11:32:17  Trace: (0165:0000) Compiling token
16/12/2022 11:32:17  Trace: (0165:0003) Compiling token
16/12/2022 11:32:17  Trace: (0165:0031) Compiling token
16/12/2022 11:32:17  Trace: (0165:0044) Compiling token
16/12/2022 11:32:17  Trace: (0166:0000) Compiling token
16/12/2022 11:32:17  Trace: (0166:0003) Compiling token
16/12/2022 11:32:17  Trace: (0166:0062) Compiling token
16/12/2022 11:32:17  Trace: (0166:0075) Compiling token
16/12/2022 11:32:17  Trace: (0167:0000) Compiling token
16/12/2022 11:32:17  Trace: (0167:0003) Compiling token
16/12/2022 11:32:17  Trace: (0167:0020) Compiling token
16/12/2022 11:32:17  Trace: (0167:0048) Compiling token
16/12/2022 11:32:17  Trace: (0167:0061) Compiling token
16/12/2022 11:32:17  Trace: (0168:0000) Compiling token
16/12/2022 11:32:17  Trace: (0168:0003) Compiling token
16/12/2022 11:32:17  Trace: (0168:0063) Compiling token
16/12/2022 11:32:17  Trace: (0168:0076) Compiling token
16/12/2022 11:32:17  Trace: (0170:0000) Compiling messageDialog
16/12/2022 11:32:17  Info: (0170:0000) Compiling dialog window: MSG_045_0_0
16/12/2022 11:32:17  Trace: (0170:0018) Compiling tokenText
16/12/2022 11:32:17  Trace: (0170:0025) Compiling tokenText
16/12/2022 11:32:17  Trace: (0171:0000) Compiling token
16/12/2022 11:32:17  Trace: (0171:0003) Compiling token
16/12/2022 11:32:17  Trace: (0171:0057) Compiling token
16/12/2022 11:32:17  Trace: (0171:0070) Compiling token
16/12/2022 11:32:17  Trace: (0173:0000) Compiling messageDialog
16/12/2022 11:32:17  Info: (0173:0000) Compiling dialog window: MSG_046_0_0
16/12/2022 11:32:17  Trace: (0173:0018) Compiling tokenText
16/12/2022 11:32:17  Trace: (0173:0025) Compiling tokenText
16/12/2022 11:32:17  Trace: (0174:0000) Compiling token
16/12/2022 11:32:17  Trace: (0174:0003) Compiling token
16/12/2022 11:32:17  Trace: (0174:0052) Compiling token
16/12/2022 11:32:17  Trace: (0174:0065) Compiling token
16/12/2022 11:32:17  Trace: (0175:0000) Compiling token
16/12/2022 11:32:17  Trace: (0175:0003) Compiling token
16/12/2022 11:32:17  Trace: (0175:0052) Compiling token
16/12/2022 11:32:17  Trace: (0175:0065) Compiling token
16/12/2022 11:32:17  Trace: (0177:0000) Compiling messageDialog
16/12/2022 11:32:17  Info: (0177:0000) Compiling dialog window: MSG_047_0_0
16/12/2022 11:32:17  Trace: (0177:0018) Compiling tokenText
16/12/2022 11:32:17  Trace: (0177:0025) Compiling tokenText
16/12/2022 11:32:17  Trace: (0178:0000) Compiling token
16/12/2022 11:32:17  Trace: (0178:0003) Compiling token
16/12/2022 11:32:17  Trace: (0178:0052) Compiling token
16/12/2022 11:32:17  Trace: (0178:0065) Compiling token
16/12/2022 11:32:17  Trace: (0179:0000) Compiling token
16/12/2022 11:32:17  Trace: (0179:0003) Compiling token
16/12/2022 11:32:17  Trace: (0179:0063) Compiling token
16/12/2022 11:32:17  Trace: (0179:0076) Compiling token
16/12/2022 11:32:17  Trace: (0181:0000) Compiling messageDialog
16/12/2022 11:32:17  Info: (0181:0000) Compiling dialog window: MSG_048_0_0
16/12/2022 11:32:17  Trace: (0181:0018) Compiling tokenText
16/12/2022 11:32:17  Trace: (0181:0027) Compiling tokenText
16/12/2022 11:32:17  Trace: (0182:0000) Compiling token
16/12/2022 11:32:17  Trace: (0182:0003) Compiling token
16/12/2022 11:32:17  Trace: (0182:0051) Compiling token
16/12/2022 11:32:17  Trace: (0182:0064) Compiling token
16/12/2022 11:32:17  Trace: (0183:0000) Compiling token
16/12/2022 11:32:17  Trace: (0183:0003) Compiling token
16/12/2022 11:32:17  Trace: (0183:0062) Compiling token
16/12/2022 11:32:17  Trace: (0183:0075) Compiling token
16/12/2022 11:32:17  Trace: (0185:0000) Compiling messageDialog
16/12/2022 11:32:17  Info: (0185:0000) Compiling dialog window: MSG_049_0_0
16/12/2022 11:32:17  Trace: (0185:0018) Compiling tokenText
16/12/2022 11:32:17  Trace: (0185:0027) Compiling tokenText
16/12/2022 11:32:17  Trace: (0186:0000) Compiling token
16/12/2022 11:32:17  Trace: (0186:0003) Compiling token
16/12/2022 11:32:17  Trace: (0186:0059) Compiling token
16/12/2022 11:32:17  Trace: (0186:0072) Compiling token
16/12/2022 11:32:17  Trace: (0187:0000) Compiling token
16/12/2022 11:32:17  Trace: (0187:0003) Compiling token
16/12/2022 11:32:17  Trace: (0187:0040) Compiling token
16/12/2022 11:32:17  Trace: (0187:0053) Compiling token
16/12/2022 11:32:17  Trace: (0189:0000) Compiling messageDialog
16/12/2022 11:32:17  Info: (0189:0000) Compiling dialog window: MSG_050_0_0
16/12/2022 11:32:17  Trace: (0189:0018) Compiling tokenText
16/12/2022 11:32:17  Trace: (0189:0027) Compiling tokenText
16/12/2022 11:32:17  Trace: (0190:0000) Compiling token
16/12/2022 11:32:17  Trace: (0190:0003) Compiling token
16/12/2022 11:32:17  Trace: (0190:0065) Compiling token
16/12/2022 11:32:17  Trace: (0190:0078) Compiling token
16/12/2022 11:32:17  Trace: (0192:0000) Compiling messageDialog
16/12/2022 11:32:17  Info: (0192:0000) Compiling dialog window: MSG_051_0_0
16/12/2022 11:32:17  Trace: (0192:0018) Compiling tokenText
16/12/2022 11:32:17  Trace: (0192:0027) Compiling tokenText
16/12/2022 11:32:17  Trace: (0193:0000) Compiling token
16/12/2022 11:32:17  Trace: (0193:0003) Compiling token
16/12/2022 11:32:17  Trace: (0193:0049) Compiling token
16/12/2022 11:32:17  Trace: (0193:0062) Compiling token
16/12/2022 11:32:17  Trace: (0194:0000) Compiling token
16/12/2022 11:32:17  Trace: (0194:0003) Compiling token
16/12/2022 11:32:17  Trace: (0194:0054) Compiling token
16/12/2022 11:32:17  Trace: (0194:0067) Compiling token
16/12/2022 11:32:17  Trace: (0196:0000) Compiling messageDialog
16/12/2022 11:32:17  Info: (0196:0000) Compiling dialog window: MSG_052_0_0
16/12/2022 11:32:17  Trace: (0196:0018) Compiling tokenText
16/12/2022 11:32:17  Trace: (0196:0027) Compiling tokenText
16/12/2022 11:32:17  Trace: (0197:0000) Compiling token
16/12/2022 11:32:17  Trace: (0197:0003) Compiling token
16/12/2022 11:32:17  Trace: (0197:0059) Compiling token
16/12/2022 11:32:17  Trace: (0197:0072) Compiling token
16/12/2022 11:32:17  Trace: (0199:0000) Compiling messageDialog
16/12/2022 11:32:17  Info: (0199:0000) Compiling dialog window: MSG_053_0_0
16/12/2022 11:32:17  Trace: (0199:0018) Compiling tokenText
16/12/2022 11:32:17  Trace: (0199:0027) Compiling tokenText
16/12/2022 11:32:17  Trace: (0200:0000) Compiling token
16/12/2022 11:32:17  Trace: (0200:0003) Compiling token
16/12/2022 11:32:17  Trace: (0200:0056) Compiling token
16/12/2022 11:32:17  Trace: (0200:0069) Compiling token
16/12/2022 11:32:17  Trace: (0201:0000) Compiling token
16/12/2022 11:32:17  Trace: (0201:0003) Compiling token
16/12/2022 11:32:17  Trace: (0201:0055) Compiling token
16/12/2022 11:32:17  Trace: (0201:0068) Compiling token
16/12/2022 11:32:17  Trace: (0203:0000) Compiling messageDialog
16/12/2022 11:32:17  Info: (0203:0000) Compiling dialog window: MSG_054_0_0
16/12/2022 11:32:17  Trace: (0203:0018) Compiling tokenText
16/12/2022 11:32:17  Trace: (0203:0026) Compiling tokenText
16/12/2022 11:32:17  Trace: (0204:0000) Compiling token
16/12/2022 11:32:17  Trace: (0204:0003) Compiling token
16/12/2022 11:32:17  Trace: (0204:0060) Compiling token
16/12/2022 11:32:17  Trace: (0204:0073) Compiling token
16/12/2022 11:32:17  Trace: (0206:0000) Compiling messageDialog
16/12/2022 11:32:17  Info: (0206:0000) Compiling dialog window: MSG_055_0_0
16/12/2022 11:32:17  Trace: (0206:0018) Compiling tokenText
16/12/2022 11:32:17  Trace: (0206:0025) Compiling tokenText
16/12/2022 11:32:17  Trace: (0207:0000) Compiling token
16/12/2022 11:32:17  Trace: (0207:0003) Compiling token
16/12/2022 11:32:17  Trace: (0207:0042) Compiling token
16/12/2022 11:32:17  Trace: (0207:0055) Compiling token
16/12/2022 11:32:17  Trace: (0208:0000) Compiling token
16/12/2022 11:32:17  Trace: (0208:0003) Compiling token
16/12/2022 11:32:17  Trace: (0208:0064) Compiling token
16/12/2022 11:32:17  Trace: (0208:0077) Compiling token
16/12/2022 11:32:17  Trace: (0210:0000) Compiling messageDialog
16/12/2022 11:32:17  Info: (0210:0000) Compiling dialog window: MSG_056_0_0
16/12/2022 11:32:17  Trace: (0210:0018) Compiling tokenText
16/12/2022 11:32:17  Trace: (0210:0026) Compiling tokenText
16/12/2022 11:32:17  Trace: (0211:0000) Compiling token
16/12/2022 11:32:17  Trace: (0211:0003) Compiling token
16/12/2022 11:32:17  Trace: (0211:0049) Compiling token
16/12/2022 11:32:17  Trace: (0211:0062) Compiling token
16/12/2022 11:32:17  Trace: (0212:0000) Compiling token
16/12/2022 11:32:17  Trace: (0212:0003) Compiling token
16/12/2022 11:32:17  Trace: (0212:0061) Compiling token
16/12/2022 11:32:17  Trace: (0212:0074) Compiling token
16/12/2022 11:32:17  Trace: (0213:0000) Compiling token
16/12/2022 11:32:17  Trace: (0213:0003) Compiling token
16/12/2022 11:32:17  Trace: (0213:0039) Compiling token
16/12/2022 11:32:17  Trace: (0213:0052) Compiling token
16/12/2022 11:32:17  Trace: (0215:0000) Compiling messageDialog
16/12/2022 11:32:17  Info: (0215:0000) Compiling dialog window: MSG_057_0_0
16/12/2022 11:32:17  Trace: (0215:0018) Compiling tokenText
16/12/2022 11:32:17  Trace: (0215:0026) Compiling tokenText
16/12/2022 11:32:17  Trace: (0216:0000) Compiling token
16/12/2022 11:32:17  Trace: (0216:0003) Compiling token
16/12/2022 11:32:17  Trace: (0216:0058) Compiling token
16/12/2022 11:32:17  Trace: (0216:0071) Compiling token
16/12/2022 11:32:17  Trace: (0218:0000) Compiling messageDialog
16/12/2022 11:32:17  Info: (0218:0000) Compiling dialog window: MSG_058_0_0
16/12/2022 11:32:17  Trace: (0218:0018) Compiling tokenText
16/12/2022 11:32:17  Trace: (0218:0026) Compiling tokenText
16/12/2022 11:32:17  Trace: (0219:0000) Compiling token
16/12/2022 11:32:17  Trace: (0219:0003) Compiling token
16/12/2022 11:32:17  Trace: (0219:0060) Compiling token
16/12/2022 11:32:17  Trace: (0219:0073) Compiling token
16/12/2022 11:32:17  Trace: (0220:0000) Compiling token
16/12/2022 11:32:17  Trace: (0220:0003) Compiling token
16/12/2022 11:32:17  Trace: (0220:0033) Compiling token
16/12/2022 11:32:17  Trace: (0220:0046) Compiling token
16/12/2022 11:32:17  Trace: (0222:0000) Compiling messageDialog
16/12/2022 11:32:17  Info: (0222:0000) Compiling dialog window: MSG_059_0_0
16/12/2022 11:32:17  Trace: (0222:0018) Compiling tokenText
16/12/2022 11:32:17  Trace: (0222:0026) Compiling tokenText
16/12/2022 11:32:17  Trace: (0223:0000) Compiling token
16/12/2022 11:32:17  Trace: (0223:0003) Compiling token
16/12/2022 11:32:17  Trace: (0223:0044) Compiling token
16/12/2022 11:32:17  Trace: (0223:0057) Compiling token
16/12/2022 11:32:17  Trace: (0224:0000) Compiling token
16/12/2022 11:32:17  Trace: (0224:0003) Compiling token
16/12/2022 11:32:17  Trace: (0224:0060) Compiling token
16/12/2022 11:32:17  Trace: (0224:0073) Compiling token
16/12/2022 11:32:17  Trace: (0225:0000) Compiling token
16/12/2022 11:32:17  Trace: (0225:0003) Compiling token
16/12/2022 11:32:17  Trace: (0225:0051) Compiling token
16/12/2022 11:32:17  Trace: (0225:0064) Compiling token
16/12/2022 11:32:17  Trace: (0227:0000) Compiling messageDialog
16/12/2022 11:32:17  Info: (0227:0000) Compiling dialog window: MSG_060_0_0
16/12/2022 11:32:17  Trace: (0227:0018) Compiling tokenText
16/12/2022 11:32:17  Trace: (0227:0026) Compiling tokenText
16/12/2022 11:32:17  Trace: (0228:0000) Compiling token
16/12/2022 11:32:17  Trace: (0228:0003) Compiling token
16/12/2022 11:32:17  Trace: (0228:0056) Compiling token
16/12/2022 11:32:17  Trace: (0228:0069) Compiling token
16/12/2022 11:32:17  Trace: (0229:0000) Compiling token
16/12/2022 11:32:17  Trace: (0229:0003) Compiling token
16/12/2022 11:32:17  Trace: (0229:0062) Compiling token
16/12/2022 11:32:17  Trace: (0229:0075) Compiling token
16/12/2022 11:32:17  Trace: (0231:0000) Compiling messageDialog
16/12/2022 11:32:17  Info: (0231:0000) Compiling dialog window: MSG_061_0_0
16/12/2022 11:32:17  Trace: (0231:0018) Compiling tokenText
16/12/2022 11:32:17  Trace: (0231:0026) Compiling tokenText
16/12/2022 11:32:17  Trace: (0232:0000) Compiling token
16/12/2022 11:32:17  Trace: (0232:0003) Compiling token
16/12/2022 11:32:17  Trace: (0232:0054) Compiling token
16/12/2022 11:32:17  Trace: (0232:0067) Compiling token
16/12/2022 11:32:17  Trace: (0233:0000) Compiling token
16/12/2022 11:32:17  Trace: (0233:0003) Compiling token
16/12/2022 11:32:17  Trace: (0233:0053) Compiling token
16/12/2022 11:32:17  Trace: (0233:0066) Compiling token
16/12/2022 11:32:17  Trace: (0235:0000) Compiling messageDialog
16/12/2022 11:32:17  Info: (0235:0000) Compiling dialog window: MSG_062_0_0
16/12/2022 11:32:17  Trace: (0235:0018) Compiling tokenText
16/12/2022 11:32:17  Trace: (0235:0026) Compiling tokenText
16/12/2022 11:32:17  Trace: (0236:0000) Compiling token
16/12/2022 11:32:17  Trace: (0236:0003) Compiling token
16/12/2022 11:32:17  Trace: (0236:0045) Compiling token
16/12/2022 11:32:17  Trace: (0236:0058) Compiling token
16/12/2022 11:32:17  Trace: (0237:0000) Compiling token
16/12/2022 11:32:17  Trace: (0237:0003) Compiling token
16/12/2022 11:32:17  Trace: (0237:0063) Compiling token
16/12/2022 11:32:17  Trace: (0237:0076) Compiling token
16/12/2022 11:32:17  Trace: (0238:0000) Compiling token
16/12/2022 11:32:17  Trace: (0238:0003) Compiling token
16/12/2022 11:32:17  Trace: (0238:0052) Compiling token
16/12/2022 11:32:17  Trace: (0238:0065) Compiling token
16/12/2022 11:32:17  Trace: (0240:0000) Compiling messageDialog
16/12/2022 11:32:17  Info: (0240:0000) Compiling dialog window: MSG_063_0_0
16/12/2022 11:32:17  Trace: (0240:0018) Compiling tokenText
16/12/2022 11:32:17  Trace: (0240:0027) Compiling tokenText
16/12/2022 11:32:17  Trace: (0241:0000) Compiling token
16/12/2022 11:32:17  Trace: (0241:0003) Compiling token
16/12/2022 11:32:17  Trace: (0241:0044) Compiling token
16/12/2022 11:32:17  Trace: (0241:0057) Compiling token
16/12/2022 11:32:17  Trace: (0242:0000) Compiling token
16/12/2022 11:32:17  Trace: (0242:0003) Compiling token
16/12/2022 11:32:17  Trace: (0242:0068) Compiling token
16/12/2022 11:32:17  Trace: (0242:0081) Compiling token
16/12/2022 11:32:17  Trace: (0244:0000) Compiling messageDialog
16/12/2022 11:32:17  Info: (0244:0000) Compiling dialog window: MSG_064_0_0
16/12/2022 11:32:17  Trace: (0244:0018) Compiling tokenText
16/12/2022 11:32:17  Trace: (0244:0025) Compiling tokenText
16/12/2022 11:32:17  Trace: (0245:0000) Compiling token
16/12/2022 11:32:17  Trace: (0245:0003) Compiling token
16/12/2022 11:32:17  Trace: (0245:0052) Compiling token
16/12/2022 11:32:17  Trace: (0245:0065) Compiling token
16/12/2022 11:32:17  Trace: (0246:0000) Compiling token
16/12/2022 11:32:17  Trace: (0246:0003) Compiling token
16/12/2022 11:32:17  Trace: (0246:0061) Compiling token
16/12/2022 11:32:17  Trace: (0246:0074) Compiling token
16/12/2022 11:32:17  Trace: (0247:0000) Compiling token
16/12/2022 11:32:17  Trace: (0247:0003) Compiling token
16/12/2022 11:32:17  Trace: (0247:0041) Compiling token
16/12/2022 11:32:17  Trace: (0247:0054) Compiling token
16/12/2022 11:32:17  Trace: (0249:0000) Compiling messageDialog
16/12/2022 11:32:17  Info: (0249:0000) Compiling dialog window: MSG_065_0_0
16/12/2022 11:32:17  Trace: (0249:0018) Compiling tokenText
16/12/2022 11:32:17  Trace: (0249:0027) Compiling tokenText
16/12/2022 11:32:17  Trace: (0250:0000) Compiling token
16/12/2022 11:32:17  Trace: (0250:0003) Compiling token
16/12/2022 11:32:17  Trace: (0250:0053) Compiling token
16/12/2022 11:32:17  Trace: (0250:0066) Compiling token
16/12/2022 11:32:17  Trace: (0252:0000) Compiling messageDialog
16/12/2022 11:32:17  Info: (0252:0000) Compiling dialog window: MSG_066_0_0
16/12/2022 11:32:17  Trace: (0252:0018) Compiling tokenText
16/12/2022 11:32:17  Trace: (0252:0025) Compiling tokenText
16/12/2022 11:32:17  Trace: (0253:0000) Compiling token
16/12/2022 11:32:17  Trace: (0253:0003) Compiling token
16/12/2022 11:32:17  Trace: (0253:0042) Compiling token
16/12/2022 11:32:17  Trace: (0253:0055) Compiling token
16/12/2022 11:32:17  Trace: (0254:0000) Compiling token
16/12/2022 11:32:17  Trace: (0254:0003) Compiling token
16/12/2022 11:32:17  Trace: (0254:0056) Compiling token
16/12/2022 11:32:17  Trace: (0254:0069) Compiling token
16/12/2022 11:32:17  Trace: (0256:0000) Compiling messageDialog
16/12/2022 11:32:17  Info: (0256:0000) Compiling dialog window: MSG_067_0_0
16/12/2022 11:32:17  Trace: (0256:0018) Compiling tokenText
16/12/2022 11:32:17  Trace: (0256:0025) Compiling tokenText
16/12/2022 11:32:17  Trace: (0257:0000) Compiling token
16/12/2022 11:32:17  Trace: (0257:0003) Compiling token
16/12/2022 11:32:17  Trace: (0257:0058) Compiling token
16/12/2022 11:32:17  Trace: (0257:0071) Compiling token
16/12/2022 11:32:17  Trace: (0258:0000) Compiling token
16/12/2022 11:32:17  Trace: (0258:0003) Compiling token
16/12/2022 11:32:17  Trace: (0258:0053) Compiling token
16/12/2022 11:32:17  Trace: (0258:0066) Compiling token
16/12/2022 11:32:17  Trace: (0259:0000) Compiling token
16/12/2022 11:32:17  Trace: (0259:0003) Compiling token
16/12/2022 11:32:17  Trace: (0259:0046) Compiling token
16/12/2022 11:32:17  Trace: (0259:0059) Compiling token
16/12/2022 11:32:17  Trace: (0261:0000) Compiling messageDialog
16/12/2022 11:32:17  Info: (0261:0000) Compiling dialog window: MSG_068_0_0
16/12/2022 11:32:17  Trace: (0261:0018) Compiling tokenText
16/12/2022 11:32:17  Trace: (0261:0025) Compiling tokenText
16/12/2022 11:32:17  Trace: (0262:0000) Compiling token
16/12/2022 11:32:17  Trace: (0262:0003) Compiling token
16/12/2022 11:32:17  Trace: (0262:0057) Compiling token
16/12/2022 11:32:17  Trace: (0262:0070) Compiling token
16/12/2022 11:32:17  Trace: (0264:0000) Compiling messageDialog
16/12/2022 11:32:17  Info: (0264:0000) Compiling dialog window: MSG_069_0_0
16/12/2022 11:32:17  Trace: (0264:0018) Compiling tokenText
16/12/2022 11:32:17  Trace: (0264:0027) Compiling tokenText
16/12/2022 11:32:17  Trace: (0265:0000) Compiling token
16/12/2022 11:32:17  Trace: (0265:0003) Compiling token
16/12/2022 11:32:17  Trace: (0265:0055) Compiling token
16/12/2022 11:32:17  Trace: (0265:0068) Compiling token
16/12/2022 11:32:17  Trace: (0266:0000) Compiling token
16/12/2022 11:32:17  Trace: (0266:0003) Compiling token
16/12/2022 11:32:17  Trace: (0266:0038) Compiling token
16/12/2022 11:32:17  Trace: (0266:0051) Compiling token
16/12/2022 11:32:17  Trace: (0268:0000) Compiling messageDialog
16/12/2022 11:32:17  Info: (0268:0000) Compiling dialog window: MSG_070_0_0
16/12/2022 11:32:17  Trace: (0268:0018) Compiling tokenText
16/12/2022 11:32:17  Trace: (0268:0027) Compiling tokenText
16/12/2022 11:32:17  Trace: (0269:0000) Compiling token
16/12/2022 11:32:17  Trace: (0269:0003) Compiling token
16/12/2022 11:32:17  Trace: (0269:0060) Compiling token
16/12/2022 11:32:17  Trace: (0269:0073) Compiling token
16/12/2022 11:32:17  Trace: (0271:0000) Compiling messageDialog
16/12/2022 11:32:17  Info: (0271:0000) Compiling dialog window: MSG_071_0_0
16/12/2022 11:32:17  Trace: (0271:0018) Compiling tokenText
16/12/2022 11:32:17  Trace: (0271:0028) Compiling tokenText
16/12/2022 11:32:17  Trace: (0272:0000) Compiling token
16/12/2022 11:32:17  Trace: (0272:0003) Compiling token
16/12/2022 11:32:17  Trace: (0272:0033) Compiling token
16/12/2022 11:32:17  Trace: (0272:0046) Compiling token
16/12/2022 11:32:17  Trace: (0273:0000) Compiling token
16/12/2022 11:32:17  Trace: (0273:0003) Compiling token
16/12/2022 11:32:17  Trace: (0273:0023) Compiling token
16/12/2022 11:32:17  Trace: (0273:0073) Compiling token
16/12/2022 11:32:17  Trace: (0273:0086) Compiling token
16/12/2022 11:32:17  Trace: (0274:0000) Compiling token
16/12/2022 11:32:17  Trace: (0274:0003) Compiling token
16/12/2022 11:32:17  Trace: (0274:0050) Compiling token
16/12/2022 11:32:17  Trace: (0274:0063) Compiling token
16/12/2022 11:32:17  Trace: (0276:0000) Compiling messageDialog
16/12/2022 11:32:17  Info: (0276:0000) Compiling dialog window: MSG_072_0_0
16/12/2022 11:32:17  Trace: (0276:0018) Compiling tokenText
16/12/2022 11:32:17  Trace: (0276:0024) Compiling tokenText
16/12/2022 11:32:17  Trace: (0277:0000) Compiling token
16/12/2022 11:32:17  Trace: (0277:0003) Compiling token
16/12/2022 11:32:17  Trace: (0277:0061) Compiling token
16/12/2022 11:32:17  Trace: (0277:0074) Compiling token
16/12/2022 11:32:17  Trace: (0279:0000) Compiling messageDialog
16/12/2022 11:32:17  Info: (0279:0000) Compiling dialog window: MSG_073_0_0
16/12/2022 11:32:17  Trace: (0279:0018) Compiling tokenText
16/12/2022 11:32:17  Trace: (0279:0024) Compiling tokenText
16/12/2022 11:32:17  Trace: (0280:0000) Compiling token
16/12/2022 11:32:17  Trace: (0280:0003) Compiling token
16/12/2022 11:32:17  Trace: (0280:0057) Compiling token
16/12/2022 11:32:17  Trace: (0280:0070) Compiling token
16/12/2022 11:32:17  Trace: (0281:0000) Compiling token
16/12/2022 11:32:17  Trace: (0281:0003) Compiling token
16/12/2022 11:32:17  Trace: (0281:0055) Compiling token
16/12/2022 11:32:17  Trace: (0281:0068) Compiling token
16/12/2022 11:32:17  Trace: (0283:0000) Compiling messageDialog
16/12/2022 11:32:17  Info: (0283:0000) Compiling dialog window: MSG_074_0_0
16/12/2022 11:32:17  Trace: (0283:0018) Compiling tokenText
16/12/2022 11:32:17  Trace: (0283:0024) Compiling tokenText
16/12/2022 11:32:17  Trace: (0284:0000) Compiling token
16/12/2022 11:32:17  Trace: (0284:0003) Compiling token
16/12/2022 11:32:17  Trace: (0284:0038) Compiling token
16/12/2022 11:32:17  Trace: (0284:0051) Compiling token
16/12/2022 11:32:17  Trace: (0286:0000) Compiling messageDialog
16/12/2022 11:32:17  Info: (0286:0000) Compiling dialog window: MSG_075_0_0
16/12/2022 11:32:17  Trace: (0286:0018) Compiling tokenText
16/12/2022 11:32:17  Trace: (0286:0028) Compiling tokenText
16/12/2022 11:32:17  Trace: (0287:0000) Compiling token
16/12/2022 11:32:17  Trace: (0287:0003) Compiling token
16/12/2022 11:32:17  Trace: (0287:0057) Compiling token
16/12/2022 11:32:17  Trace: (0287:0070) Compiling token
16/12/2022 11:32:17  Trace: (0289:0000) Compiling messageDialog
16/12/2022 11:32:17  Info: (0289:0000) Compiling dialog window: MSG_076_0_0
16/12/2022 11:32:17  Trace: (0289:0018) Compiling tokenText
16/12/2022 11:32:17  Trace: (0289:0027) Compiling tokenText
16/12/2022 11:32:17  Trace: (0290:0000) Compiling token
16/12/2022 11:32:17  Trace: (0290:0003) Compiling token
16/12/2022 11:32:17  Trace: (0290:0052) Compiling token
16/12/2022 11:32:17  Trace: (0290:0065) Compiling token
16/12/2022 11:32:17  Trace: (0292:0000) Compiling messageDialog
16/12/2022 11:32:17  Info: (0292:0000) Compiling dialog window: MSG_077_0_0
16/12/2022 11:32:17  Trace: (0292:0018) Compiling tokenText
16/12/2022 11:32:17  Trace: (0292:0028) Compiling tokenText
16/12/2022 11:32:17  Trace: (0293:0000) Compiling token
16/12/2022 11:32:17  Trace: (0293:0003) Compiling token
16/12/2022 11:32:17  Trace: (0293:0065) Compiling token
16/12/2022 11:32:17  Trace: (0293:0078) Compiling token
16/12/2022 11:32:17  Trace: (0294:0000) Compiling token
16/12/2022 11:32:17  Trace: (0294:0003) Compiling token
16/12/2022 11:32:17  Trace: (0294:0057) Compiling token
16/12/2022 11:32:17  Trace: (0294:0070) Compiling token
16/12/2022 11:32:17  Trace: (0295:0000) Compiling token
16/12/2022 11:32:17  Trace: (0295:0003) Compiling token
16/12/2022 11:32:17  Trace: (0295:0063) Compiling token
16/12/2022 11:32:17  Trace: (0295:0076) Compiling token
16/12/2022 11:32:17  Trace: (0297:0000) Compiling messageDialog
16/12/2022 11:32:17  Info: (0297:0000) Compiling dialog window: MSG_078_0_0
16/12/2022 11:32:17  Trace: (0297:0018) Compiling tokenText
16/12/2022 11:32:17  Trace: (0297:0027) Compiling tokenText
16/12/2022 11:32:17  Trace: (0298:0000) Compiling token
16/12/2022 11:32:17  Trace: (0298:0003) Compiling token
16/12/2022 11:32:17  Trace: (0298:0043) Compiling token
16/12/2022 11:32:17  Trace: (0298:0056) Compiling token
16/12/2022 11:32:17  Trace: (0300:0000) Compiling messageDialog
16/12/2022 11:32:17  Info: (0300:0000) Compiling dialog window: MSG_079_0_0
16/12/2022 11:32:17  Trace: (0300:0018) Compiling tokenText
16/12/2022 11:32:17  Trace: (0300:0026) Compiling tokenText
16/12/2022 11:32:17  Trace: (0301:0000) Compiling token
16/12/2022 11:32:17  Trace: (0301:0003) Compiling token
16/12/2022 11:32:17  Trace: (0301:0049) Compiling token
16/12/2022 11:32:17  Trace: (0301:0062) Compiling token
16/12/2022 11:32:17  Trace: (0302:0000) Compiling token
16/12/2022 11:32:17  Trace: (0302:0003) Compiling token
16/12/2022 11:32:17  Trace: (0302:0054) Compiling token
16/12/2022 11:32:17  Trace: (0302:0067) Compiling token
16/12/2022 11:32:17  Trace: (0304:0000) Compiling messageDialog
16/12/2022 11:32:17  Info: (0304:0000) Compiling dialog window: MSG_080_0_0
16/12/2022 11:32:17  Trace: (0304:0018) Compiling tokenText
16/12/2022 11:32:17  Trace: (0304:0027) Compiling tokenText
16/12/2022 11:32:17  Trace: (0305:0000) Compiling token
16/12/2022 11:32:17  Trace: (0305:0003) Compiling token
16/12/2022 11:32:17  Trace: (0305:0056) Compiling token
16/12/2022 11:32:17  Trace: (0305:0069) Compiling token
16/12/2022 11:32:17  Trace: (0307:0000) Compiling messageDialog
16/12/2022 11:32:17  Info: (0307:0000) Compiling dialog window: MSG_081_0_0
16/12/2022 11:32:17  Trace: (0307:0018) Compiling tokenText
16/12/2022 11:32:17  Trace: (0307:0027) Compiling tokenText
16/12/2022 11:32:17  Trace: (0308:0000) Compiling token
16/12/2022 11:32:17  Trace: (0308:0003) Compiling token
16/12/2022 11:32:17  Trace: (0308:0048) Compiling token
16/12/2022 11:32:17  Trace: (0308:0061) Compiling token
16/12/2022 11:32:17  Trace: (0310:0000) Compiling messageDialog
16/12/2022 11:32:17  Info: (0310:0000) Compiling dialog window: MSG_082_0_0
16/12/2022 11:32:17  Trace: (0310:0018) Compiling tokenText
16/12/2022 11:32:17  Trace: (0310:0029) Compiling tokenText
16/12/2022 11:32:17  Trace: (0311:0000) Compiling token
16/12/2022 11:32:17  Trace: (0311:0003) Compiling token
16/12/2022 11:32:17  Trace: (0311:0059) Compiling token
16/12/2022 11:32:17  Trace: (0311:0072) Compiling token
16/12/2022 11:32:17  Trace: (0312:0000) Compiling token
16/12/2022 11:32:17  Trace: (0312:0003) Compiling token
16/12/2022 11:32:17  Trace: (0312:0065) Compiling token
16/12/2022 11:32:17  Trace: (0312:0078) Compiling token
16/12/2022 11:32:17  Trace: (0314:0000) Compiling messageDialog
16/12/2022 11:32:17  Info: (0314:0000) Compiling dialog window: MSG_083_0_0
16/12/2022 11:32:17  Trace: (0314:0018) Compiling tokenText
16/12/2022 11:32:17  Trace: (0314:0027) Compiling tokenText
16/12/2022 11:32:17  Trace: (0315:0000) Compiling token
16/12/2022 11:32:17  Trace: (0315:0003) Compiling token
16/12/2022 11:32:17  Trace: (0315:0053) Compiling token
16/12/2022 11:32:17  Trace: (0315:0066) Compiling token
16/12/2022 11:32:17  Trace: (0316:0000) Compiling token
16/12/2022 11:32:17  Trace: (0316:0003) Compiling token
16/12/2022 11:32:17  Trace: (0316:0067) Compiling token
16/12/2022 11:32:17  Trace: (0316:0080) Compiling token
16/12/2022 11:32:17  Trace: (0318:0000) Compiling messageDialog
16/12/2022 11:32:17  Info: (0318:0000) Compiling dialog window: MSG_084_0_0
16/12/2022 11:32:17  Trace: (0318:0018) Compiling tokenText
16/12/2022 11:32:17  Trace: (0318:0028) Compiling tokenText
16/12/2022 11:32:17  Trace: (0319:0000) Compiling token
16/12/2022 11:32:17  Trace: (0319:0003) Compiling token
16/12/2022 11:32:17  Trace: (0319:0058) Compiling token
16/12/2022 11:32:17  Trace: (0319:0071) Compiling token
16/12/2022 11:32:17  Trace: (0321:0000) Compiling messageDialog
16/12/2022 11:32:17  Info: (0321:0000) Compiling dialog window: MSG_085_0_0
16/12/2022 11:32:17  Trace: (0321:0018) Compiling tokenText
16/12/2022 11:32:17  Trace: (0321:0027) Compiling tokenText
16/12/2022 11:32:17  Trace: (0322:0000) Compiling token
16/12/2022 11:32:17  Trace: (0322:0003) Compiling token
16/12/2022 11:32:17  Trace: (0322:0059) Compiling token
16/12/2022 11:32:17  Trace: (0322:0072) Compiling token
16/12/2022 11:32:17  Trace: (0324:0000) Compiling messageDialog
16/12/2022 11:32:17  Info: (0324:0000) Compiling dialog window: MSG_086_0_0
16/12/2022 11:32:17  Trace: (0324:0018) Compiling tokenText
16/12/2022 11:32:17  Trace: (0324:0028) Compiling tokenText
16/12/2022 11:32:17  Trace: (0325:0000) Compiling token
16/12/2022 11:32:17  Trace: (0325:0003) Compiling token
16/12/2022 11:32:17  Trace: (0325:0052) Compiling token
16/12/2022 11:32:17  Trace: (0325:0065) Compiling token
16/12/2022 11:32:17  Trace: (0326:0000) Compiling token
16/12/2022 11:32:17  Trace: (0326:0003) Compiling token
16/12/2022 11:32:17  Trace: (0326:0065) Compiling token
16/12/2022 11:32:17  Trace: (0326:0078) Compiling token
16/12/2022 11:32:17  Trace: (0327:0000) Compiling token
16/12/2022 11:32:17  Trace: (0327:0003) Compiling token
16/12/2022 11:32:17  Trace: (0327:0049) Compiling token
16/12/2022 11:32:17  Trace: (0327:0062) Compiling token
16/12/2022 11:32:17  Trace: (0329:0000) Compiling messageDialog
16/12/2022 11:32:17  Info: (0329:0000) Compiling dialog window: MSG_087_0_0
16/12/2022 11:32:17  Trace: (0329:0018) Compiling tokenText
16/12/2022 11:32:17  Trace: (0329:0027) Compiling tokenText
16/12/2022 11:32:17  Trace: (0330:0000) Compiling token
16/12/2022 11:32:17  Trace: (0330:0003) Compiling token
16/12/2022 11:32:17  Trace: (0330:0057) Compiling token
16/12/2022 11:32:17  Trace: (0330:0070) Compiling token
16/12/2022 11:32:17  Trace: (0331:0000) Compiling token
16/12/2022 11:32:17  Trace: (0331:0003) Compiling token
16/12/2022 11:32:17  Trace: (0331:0060) Compiling token
16/12/2022 11:32:17  Trace: (0331:0073) Compiling token
16/12/2022 11:32:17  Trace: (0333:0000) Compiling messageDialog
16/12/2022 11:32:17  Info: (0333:0000) Compiling dialog window: MSG_088_0_0
16/12/2022 11:32:17  Trace: (0333:0018) Compiling tokenText
16/12/2022 11:32:17  Trace: (0333:0027) Compiling tokenText
16/12/2022 11:32:17  Trace: (0334:0000) Compiling token
16/12/2022 11:32:17  Trace: (0334:0003) Compiling token
16/12/2022 11:32:17  Trace: (0334:0060) Compiling token
16/12/2022 11:32:17  Trace: (0334:0073) Compiling token
16/12/2022 11:32:17  Trace: (0335:0000) Compiling token
16/12/2022 11:32:17  Trace: (0335:0003) Compiling token
16/12/2022 11:32:17  Trace: (0335:0041) Compiling token
16/12/2022 11:32:17  Trace: (0335:0054) Compiling token
16/12/2022 11:32:17  Trace: (0337:0000) Compiling messageDialog
16/12/2022 11:32:17  Info: (0337:0000) Compiling dialog window: MSG_089_0_0
16/12/2022 11:32:17  Trace: (0337:0018) Compiling tokenText
16/12/2022 11:32:17  Trace: (0337:0027) Compiling tokenText
16/12/2022 11:32:17  Trace: (0338:0000) Compiling token
16/12/2022 11:32:17  Trace: (0338:0003) Compiling token
16/12/2022 11:32:17  Trace: (0338:0059) Compiling token
16/12/2022 11:32:17  Trace: (0338:0072) Compiling token
16/12/2022 11:32:17  Trace: (0339:0000) Compiling token
16/12/2022 11:32:17  Trace: (0339:0003) Compiling token
16/12/2022 11:32:17  Trace: (0339:0043) Compiling token
16/12/2022 11:32:17  Trace: (0339:0056) Compiling token
16/12/2022 11:32:17  Trace: (0341:0000) Compiling messageDialog
16/12/2022 11:32:17  Info: (0341:0000) Compiling dialog window: MSG_090_0_0
16/12/2022 11:32:17  Trace: (0341:0018) Compiling tokenText
16/12/2022 11:32:17  Trace: (0341:0025) Compiling tokenText
16/12/2022 11:32:17  Trace: (0342:0000) Compiling token
16/12/2022 11:32:17  Trace: (0342:0003) Compiling token
16/12/2022 11:32:17  Trace: (0342:0036) Compiling token
16/12/2022 11:32:17  Trace: (0342:0049) Compiling token
16/12/2022 11:32:17  Trace: (0344:0000) Compiling messageDialog
16/12/2022 11:32:17  Info: (0344:0000) Compiling dialog window: MSG_091_0_0
16/12/2022 11:32:17  Trace: (0344:0018) Compiling tokenText
16/12/2022 11:32:17  Trace: (0344:0025) Compiling tokenText
16/12/2022 11:32:17  Trace: (0345:0000) Compiling token
16/12/2022 11:32:17  Trace: (0345:0003) Compiling token
16/12/2022 11:32:17  Trace: (0345:0049) Compiling token
16/12/2022 11:32:17  Trace: (0345:0062) Compiling token
16/12/2022 11:32:17  Trace: (0346:0000) Compiling token
16/12/2022 11:32:17  Trace: (0346:0003) Compiling token
16/12/2022 11:32:17  Trace: (0346:0042) Compiling token
16/12/2022 11:32:17  Trace: (0346:0055) Compiling token
16/12/2022 11:32:17  Trace: (0348:0000) Compiling messageDialog
16/12/2022 11:32:17  Info: (0348:0000) Compiling dialog window: MSG_092_0_0
16/12/2022 11:32:17  Trace: (0348:0018) Compiling tokenText
16/12/2022 11:32:17  Trace: (0348:0025) Compiling tokenText
16/12/2022 11:32:17  Trace: (0349:0000) Compiling token
16/12/2022 11:32:17  Trace: (0349:0003) Compiling token
16/12/2022 11:32:17  Trace: (0349:0049) Compiling token
16/12/2022 11:32:17  Trace: (0349:0062) Compiling token
16/12/2022 11:32:17  Trace: (0351:0000) Compiling messageDialog
16/12/2022 11:32:17  Info: (0351:0000) Compiling dialog window: MSG_093_0_0
16/12/2022 11:32:17  Trace: (0351:0018) Compiling tokenText
16/12/2022 11:32:17  Trace: (0351:0027) Compiling tokenText
16/12/2022 11:32:17  Trace: (0352:0000) Compiling token
16/12/2022 11:32:17  Trace: (0352:0003) Compiling token
16/12/2022 11:32:17  Trace: (0352:0059) Compiling token
16/12/2022 11:32:17  Trace: (0352:0072) Compiling token
16/12/2022 11:32:17  Trace: (0354:0000) Compiling messageDialog
16/12/2022 11:32:17  Info: (0354:0000) Compiling dialog window: MSG_094_0_0
16/12/2022 11:32:17  Trace: (0354:0018) Compiling tokenText
16/12/2022 11:32:17  Trace: (0354:0028) Compiling tokenText
16/12/2022 11:32:17  Trace: (0355:0000) Compiling token
16/12/2022 11:32:17  Trace: (0355:0003) Compiling token
16/12/2022 11:32:17  Trace: (0355:0054) Compiling token
16/12/2022 11:32:17  Trace: (0355:0067) Compiling token
16/12/2022 11:32:17  Trace: (0356:0000) Compiling token
16/12/2022 11:32:17  Trace: (0356:0003) Compiling token
16/12/2022 11:32:17  Trace: (0356:0051) Compiling token
16/12/2022 11:32:17  Trace: (0356:0064) Compiling token
16/12/2022 11:32:17  Trace: (0358:0000) Compiling messageDialog
16/12/2022 11:32:17  Info: (0358:0000) Compiling dialog window: MSG_095_0_0
16/12/2022 11:32:17  Trace: (0358:0018) Compiling tokenText
16/12/2022 11:32:17  Trace: (0358:0027) Compiling tokenText
16/12/2022 11:32:17  Trace: (0359:0000) Compiling token
16/12/2022 11:32:17  Trace: (0359:0003) Compiling token
16/12/2022 11:32:17  Trace: (0359:0055) Compiling token
16/12/2022 11:32:17  Trace: (0359:0068) Compiling token
16/12/2022 11:32:17  Trace: (0361:0000) Compiling messageDialog
16/12/2022 11:32:17  Info: (0361:0000) Compiling dialog window: MSG_096_0_0
16/12/2022 11:32:17  Trace: (0361:0018) Compiling tokenText
16/12/2022 11:32:17  Trace: (0361:0027) Compiling tokenText
16/12/2022 11:32:17  Trace: (0362:0000) Compiling token
16/12/2022 11:32:17  Trace: (0362:0003) Compiling token
16/12/2022 11:32:17  Trace: (0362:0056) Compiling token
16/12/2022 11:32:17  Trace: (0362:0069) Compiling token
16/12/2022 11:32:17  Trace: (0364:0000) Compiling messageDialog
16/12/2022 11:32:17  Info: (0364:0000) Compiling dialog window: MSG_097_0_0
16/12/2022 11:32:17  Trace: (0364:0018) Compiling tokenText
16/12/2022 11:32:17  Trace: (0364:0025) Compiling tokenText
16/12/2022 11:32:17  Trace: (0365:0000) Compiling token
16/12/2022 11:32:17  Trace: (0365:0003) Compiling token
16/12/2022 11:32:17  Trace: (0365:0062) Compiling token
16/12/2022 11:32:17  Trace: (0365:0075) Compiling token
16/12/2022 11:32:17  Trace: (0367:0000) Compiling messageDialog
16/12/2022 11:32:17  Info: (0367:0000) Compiling dialog window: MSG_098_0_0
16/12/2022 11:32:17  Trace: (0367:0018) Compiling tokenText
16/12/2022 11:32:17  Trace: (0367:0027) Compiling tokenText
16/12/2022 11:32:17  Trace: (0368:0000) Compiling token
16/12/2022 11:32:17  Trace: (0368:0003) Compiling token
16/12/2022 11:32:17  Trace: (0368:0059) Compiling token
16/12/2022 11:32:17  Trace: (0368:0072) Compiling token
16/12/2022 11:32:17  Trace: (0369:0000) Compiling token
16/12/2022 11:32:17  Trace: (0369:0003) Compiling token
16/12/2022 11:32:17  Trace: (0369:0058) Compiling token
16/12/2022 11:32:17  Trace: (0369:0071) Compiling token
16/12/2022 11:32:17  Trace: (0371:0000) Compiling messageDialog
16/12/2022 11:32:17  Info: (0371:0000) Compiling dialog window: MSG_099_0_0
16/12/2022 11:32:17  Trace: (0371:0018) Compiling tokenText
16/12/2022 11:32:17  Trace: (0371:0026) Compiling tokenText
16/12/2022 11:32:17  Trace: (0372:0000) Compiling token
16/12/2022 11:32:17  Trace: (0372:0003) Compiling token
16/12/2022 11:32:17  Trace: (0372:0055) Compiling token
16/12/2022 11:32:17  Trace: (0372:0068) Compiling token
16/12/2022 11:32:17  Trace: (0373:0000) Compiling token
16/12/2022 11:32:17  Trace: (0373:0003) Compiling token
16/12/2022 11:32:17  Trace: (0373:0055) Compiling token
16/12/2022 11:32:17  Trace: (0373:0068) Compiling token
16/12/2022 11:32:17  Trace: (0375:0000) Compiling messageDialog
16/12/2022 11:32:17  Info: (0375:0000) Compiling dialog window: MSG_100_0_0
16/12/2022 11:32:17  Trace: (0375:0018) Compiling tokenText
16/12/2022 11:32:17  Trace: (0375:0027) Compiling tokenText
16/12/2022 11:32:17  Trace: (0376:0000) Compiling token
16/12/2022 11:32:17  Trace: (0376:0003) Compiling token
16/12/2022 11:32:17  Trace: (0376:0055) Compiling token
16/12/2022 11:32:17  Trace: (0376:0068) Compiling token
16/12/2022 11:32:17  Trace: (0377:0000) Compiling token
16/12/2022 11:32:17  Trace: (0377:0003) Compiling token
16/12/2022 11:32:17  Trace: (0377:0045) Compiling token
16/12/2022 11:32:17  Trace: (0377:0058) Compiling token
16/12/2022 11:32:17  Trace: (0379:0000) Compiling messageDialog
16/12/2022 11:32:17  Info: (0379:0000) Compiling dialog window: MSG_101_0_0
16/12/2022 11:32:17  Trace: (0379:0018) Compiling tokenText
16/12/2022 11:32:17  Trace: (0379:0026) Compiling tokenText
16/12/2022 11:32:17  Trace: (0380:0000) Compiling token
16/12/2022 11:32:17  Trace: (0380:0003) Compiling token
16/12/2022 11:32:17  Trace: (0380:0051) Compiling token
16/12/2022 11:32:17  Trace: (0380:0064) Compiling token
16/12/2022 11:32:17  Trace: (0382:0000) Compiling messageDialog
16/12/2022 11:32:17  Info: (0382:0000) Compiling dialog window: MSG_102_0_0
16/12/2022 11:32:17  Trace: (0382:0018) Compiling tokenText
16/12/2022 11:32:17  Trace: (0382:0024) Compiling tokenText
16/12/2022 11:32:17  Trace: (0383:0000) Compiling token
16/12/2022 11:32:17  Trace: (0383:0003) Compiling token
16/12/2022 11:32:17  Trace: (0383:0063) Compiling token
16/12/2022 11:32:17  Trace: (0383:0076) Compiling token
16/12/2022 11:32:17  Trace: (0385:0000) Compiling messageDialog
16/12/2022 11:32:17  Info: (0385:0000) Compiling dialog window: MSG_103_0_0
16/12/2022 11:32:17  Trace: (0385:0018) Compiling tokenText
16/12/2022 11:32:17  Trace: (0385:0024) Compiling tokenText
16/12/2022 11:32:17  Trace: (0386:0000) Compiling token
16/12/2022 11:32:17  Trace: (0386:0003) Compiling token
16/12/2022 11:32:17  Trace: (0386:0051) Compiling token
16/12/2022 11:32:17  Trace: (0386:0064) Compiling token
16/12/2022 11:32:17  Trace: (0387:0000) Compiling token
16/12/2022 11:32:17  Trace: (0387:0003) Compiling token
16/12/2022 11:32:17  Trace: (0387:0052) Compiling token
16/12/2022 11:32:17  Trace: (0387:0065) Compiling token
16/12/2022 11:32:17  Trace: (0389:0000) Compiling messageDialog
16/12/2022 11:32:17  Info: (0389:0000) Compiling dialog window: MSG_104_0_0
16/12/2022 11:32:17  Trace: (0389:0018) Compiling tokenText
16/12/2022 11:32:17  Trace: (0389:0024) Compiling tokenText
16/12/2022 11:32:17  Trace: (0390:0000) Compiling token
16/12/2022 11:32:17  Trace: (0390:0003) Compiling token
16/12/2022 11:32:17  Trace: (0390:0032) Compiling token
16/12/2022 11:32:17  Trace: (0390:0045) Compiling token
16/12/2022 11:32:17  Trace: (0391:0000) Compiling token
16/12/2022 11:32:17  Trace: (0391:0003) Compiling token
16/12/2022 11:32:17  Trace: (0391:0054) Compiling token
16/12/2022 11:32:17  Trace: (0391:0067) Compiling token
16/12/2022 11:32:17  Trace: (0393:0000) Compiling messageDialog
16/12/2022 11:32:17  Info: (0393:0000) Compiling dialog window: MSG_105_0_0
16/12/2022 11:32:17  Trace: (0393:0018) Compiling tokenText
16/12/2022 11:32:17  Trace: (0393:0026) Compiling tokenText
16/12/2022 11:32:17  Trace: (0394:0000) Compiling token
16/12/2022 11:32:17  Trace: (0394:0003) Compiling token
16/12/2022 11:32:17  Trace: (0394:0047) Compiling token
16/12/2022 11:32:17  Trace: (0394:0060) Compiling token
16/12/2022 11:32:17  Trace: (0396:0000) Compiling messageDialog
16/12/2022 11:32:17  Info: (0396:0000) Compiling dialog window: MSG_106_0_0
16/12/2022 11:32:17  Trace: (0396:0018) Compiling tokenText
16/12/2022 11:32:17  Trace: (0396:0025) Compiling tokenText
16/12/2022 11:32:17  Trace: (0397:0000) Compiling token
16/12/2022 11:32:17  Trace: (0397:0003) Compiling token
16/12/2022 11:32:17  Trace: (0397:0053) Compiling token
16/12/2022 11:32:17  Trace: (0397:0066) Compiling token
16/12/2022 11:32:17  Trace: (0398:0000) Compiling token
16/12/2022 11:32:17  Trace: (0398:0003) Compiling token
16/12/2022 11:32:17  Trace: (0398:0040) Compiling token
16/12/2022 11:32:17  Trace: (0398:0053) Compiling token
16/12/2022 11:32:17  Trace: (0400:0000) Compiling messageDialog
16/12/2022 11:32:17  Info: (0400:0000) Compiling dialog window: MSG_107_0_0
16/12/2022 11:32:17  Trace: (0400:0018) Compiling tokenText
16/12/2022 11:32:17  Trace: